0 info it worked if it ends with ok
1 verbose cli [ '/usr/bin/nodejs',
1 verbose cli   '/usr/bin/npm',
1 verbose cli   'install',
1 verbose cli   '--save',
1 verbose cli   'ngMask' ]
2 info using npm@1.4.21
3 info using node@v0.10.29
4 warn package.json fuse@1.2.0 No description
5 warn package.json fuse@1.2.0 No repository field.
6 warn package.json fuse@1.2.0 No README data
7 verbose readDependencies using package.json deps
8 verbose cache add [ 'ngMask', null ]
9 verbose cache add name=undefined spec="ngMask" args=["ngMask",null]
10 verbose parsed url { protocol: null,
10 verbose parsed url   slashes: null,
10 verbose parsed url   auth: null,
10 verbose parsed url   host: null,
10 verbose parsed url   port: null,
10 verbose parsed url   hostname: null,
10 verbose parsed url   hash: null,
10 verbose parsed url   search: null,
10 verbose parsed url   query: null,
10 verbose parsed url   pathname: 'ngMask',
10 verbose parsed url   path: 'ngMask',
10 verbose parsed url   href: 'ngMask' }
11 silly lockFile 81fa03e2-ngMask ngMask
12 verbose lock ngMask /home/gabriel/.npm/81fa03e2-ngMask.lock
13 silly lockFile 81fa03e2-ngMask ngMask
14 silly lockFile 81fa03e2-ngMask ngMask
15 verbose addNamed [ 'ngMask', '' ]
16 verbose addNamed [ null, '*' ]
17 silly lockFile a69b7c6f-ngMask ngMask@
18 verbose lock ngMask@ /home/gabriel/.npm/a69b7c6f-ngMask.lock
19 silly addNameRange { name: 'ngMask', range: '*', hasData: false }
20 verbose request where is /ngMask
21 verbose request registry https://registry.npmjs.org/
22 verbose request id d158e455ac92eea0
23 verbose url raw /ngMask
24 verbose url resolving [ 'https://registry.npmjs.org/', './ngMask' ]
25 verbose url resolved https://registry.npmjs.org/ngMask
26 verbose request where is https://registry.npmjs.org/ngMask
27 info trying registry request attempt 1 at 23:28:11
28 http GET https://registry.npmjs.org/ngMask
29 http 404 https://registry.npmjs.org/ngMask
30 silly registry.get cb [ 404,
30 silly registry.get   { 'content-type': 'application/json',
30 silly registry.get     'cache-control': 'max-age=0',
30 silly registry.get     'content-length': '2',
30 silly registry.get     'accept-ranges': 'bytes',
30 silly registry.get     date: 'Mon, 21 Dec 2015 01:28:28 GMT',
30 silly registry.get     via: '1.1 varnish',
30 silly registry.get     age: '0',
30 silly registry.get     connection: 'keep-alive',
30 silly registry.get     'x-served-by': 'cache-jfk1024-JFK',
30 silly registry.get     'x-cache': 'MISS',
30 silly registry.get     'x-cache-hits': '0',
30 silly registry.get     'x-timer': 'S1450661307.900429,VS0,VE374' } ]
31 silly lockFile a69b7c6f-ngMask ngMask@
32 silly lockFile a69b7c6f-ngMask ngMask@
33 error 404 Not Found
33 error 404
33 error 404 'ngMask' is not in the npm registry.
33 error 404 You should bug the author to publish it
33 error 404 It was specified as a dependency of 'fuse'
33 error 404
33 error 404 Note that you can also install from a
33 error 404 tarball, folder, or http url, or git url.
34 error System Linux 3.16.0-4-amd64
35 error command "/usr/bin/nodejs" "/usr/bin/npm" "install" "--save" "ngMask"
36 error cwd /home/gabriel/Documents/stfdigital/styleguide/fuse
37 error node -v v0.10.29
38 error npm -v 1.4.21
39 error code E404
40 verbose exit [ 1, true ]
