#
# A fatal error has been detected by the Java Runtime Environment:
#
#  EXCEPTION_ACCESS_VIOLATION (0xc0000005) at pc=0x000007fefb6420f5, pid=7744, tid=9656
#
# JRE version: Java(TM) SE Runtime Environment (8.0_45-b15) (build 1.8.0_45-b15)
# Java VM: Java HotSpot(TM) 64-Bit Server VM (25.45-b02 mixed mode windows-amd64 compressed oops)
# Problematic frame:
# C  [javasysmon65132312795077766382.dll+0x20f5]
#
# Failed to write core dump. Minidumps are not enabled by default on client versions of Windows
#
# If you would like to submit a bug report, please visit:
#   http://bugreport.java.com/bugreport/crash.jsp
# The crash happened outside the Java Virtual Machine in native code.
# See problematic frame for where to report the bug.
#

---------------  T H R E A D  ---------------

Current thread (0x000000001ff9a800):  JavaThread "localhost-startStop-1" daemon [_thread_in_native, id=9656, stack(0x0000000023210000,0x0000000023310000)]

siginfo: ExceptionCode=0xc0000005, reading address 0x000000001cb6d0a0

Registers:
RAX=0x0000000000000001, RBX=0x0000000000000624, RCX=0x0000000023308130, RDX=0xfffffffff9864f70
RSP=0x0000000023306c98, RBP=0x0000000023306da0, RSI=0x000000001cb6cfa0, RDI=0x0000000000000000
R8 =0x0000000000000104, R9 =0x000000000000005a, R10=0x000000000000002d, R11=0x0000000023308030
R12=0x0000000000000000, R13=0x0000000000000000, R14=0x000000001ff9a9f8, R15=0x0000000000000037
RIP=0x000007fefb6420f5, EFLAGS=0x0000000000010206

Top of Stack: (sp=0x0000000023306c98)
0x0000000023306c98:   000007fefb641833 0000000000000624
0x0000000023306ca8:   0000000023306da0 000000001cb612f0
0x0000000023306cb8:   0000000000000000 0000000000000eec
0x0000000023306cc8:   00000000173eaa00 00000000173ea9f8
0x0000000023306cd8:   00000000173ea9f0 00000000000003d6
0x0000000023306ce8:   00000000000000ab 00000000004b3000
0x0000000023306cf8:   0000000001013000 000003a800000028
0x0000000023306d08:   0000000000000037 000000001ff9a9f8
0x0000000023306d18:   0000000000000069 0000000000000628
0x0000000023306d28:   00000000173ea9e8 0000000000000634
0x0000000023306d38:   0000000000000000 00000000001a2f2b
0x0000000023306d48:   0000000023306ffc 000000000095f6df
0x0000000023306d58:   000000001c522938 00000000001a2f2b
0x0000000023306d68:   000000000095f6df 000000001cb6cfa0
0x0000000023306d78:   0000000000400000 000000001cb612f0
0x0000000023306d88:   0000000000000001 0000000000000000 

Instructions: (pc=0x000007fefb6420f5)
0x000007fefb6420d5:   c8 88 01 f6 c1 02 74 0f 48 83 e9 02 66 8b 04 0a
0x000007fefb6420e5:   49 83 e8 02 66 89 01 f6 c1 04 74 0d 48 83 e9 04
0x000007fefb6420f5:   8b 04 0a 49 83 e8 04 89 01 4d 8b c8 49 c1 e9 05
0x000007fefb642105:   75 50 4d 8b c8 49 c1 e9 03 74 14 48 83 e9 08 48 


Register to memory mapping:

RAX=0x0000000000000001 is an unknown value
RBX=0x0000000000000624 is an unknown value
RCX=0x0000000023308130 is pointing into the stack for thread: 0x000000001ff9a800
RDX=0xfffffffff9864f70 is an unknown value
RSP=0x0000000023306c98 is pointing into the stack for thread: 0x000000001ff9a800
RBP=0x0000000023306da0 is pointing into the stack for thread: 0x000000001ff9a800
RSI=0x000000001cb6cfa0 is an unknown value
RDI=0x0000000000000000 is an unknown value
R8 =0x0000000000000104 is an unknown value
R9 =0x000000000000005a is an unknown value
R10=0x000000000000002d is an unknown value
R11=0x0000000023308030 is pointing into the stack for thread: 0x000000001ff9a800
R12=0x0000000000000000 is an unknown value
R13=0x0000000000000000 is an unknown value
R14=0x000000001ff9a9f8 is an unknown value
R15=0x0000000000000037 is an unknown value


Stack: [0x0000000023210000,0x0000000023310000],  sp=0x0000000023306c98,  free space=987k
Native frames: (J=compiled Java code, j=interpreted, Vv=VM code, C=native code)
C  [javasysmon65132312795077766382.dll+0x20f5]
C  [javasysmon65132312795077766382.dll+0x1833]
C  0x0000000002815e34

Java frames: (J=compiled Java code, j=interpreted, Vv=VM code)
j  com.jezhumble.javasysmon.WindowsMonitor.processTable()[Lcom/jezhumble/javasysmon/ProcessInfo;+0
j  com.jezhumble.javasysmon.JavaSysMon.processTable()[Lcom/jezhumble/javasysmon/ProcessInfo;+3
j  br.jus.stf.plataforma.documentos.infra.configuration.LocalMongoCleaner.killExtracted()V+9
j  br.jus.stf.plataforma.documentos.infra.configuration.MongoMemoryConfiguration.factory()Lde/flapdoodle/embed/mongo/tests/MongodForTestsFactory;+7
j  br.jus.stf.plataforma.documentos.infra.configuration.MongoMemoryConfiguration.mongo()Lcom/mongodb/Mongo;+1
j  org.springframework.data.mongodb.config.AbstractMongoConfiguration.mongoDbFactory()Lorg/springframework/data/mongodb/MongoDbFactory;+5
j  br.jus.stf.plataforma.documentos.infra.configuration.MongoMemoryConfiguration$$EnhancerBySpringCGLIB$$933828a0.CGLIB$mongoDbFactory$4()Lorg/springframework/data/mongodb/MongoDbFactory;+1
j  br.jus.stf.plataforma.documentos.infra.configuration.MongoMemoryConfiguration$$EnhancerBySpringCGLIB$$933828a0$$FastClassBySpringCGLIB$$4c7d54fd.invoke(ILjava/lang/Object;[Ljava/lang/Object;)Ljava/lang/Object;+200
j  org.springframework.cglib.proxy.MethodProxy.invokeSuper(Ljava/lang/Object;[Ljava/lang/Object;)Ljava/lang/Object;+19
j  org.springframework.context.annotation.ConfigurationClassEnhancer$BeanMethodInterceptor.intercept(Ljava/lang/Object;Ljava/lang/reflect/Method;[Ljava/lang/Object;Lorg/springframework/cglib/proxy/MethodProxy;)Ljava/lang/Object;+217
j  br.jus.stf.plataforma.documentos.infra.configuration.MongoMemoryConfiguration$$EnhancerBySpringCGLIB$$933828a0.mongoDbFactory()Lorg/springframework/data/mongodb/MongoDbFactory;+31
v  ~StubRoutines::call_stub
J 3170  sun.reflect.NativeMethodAccessorImpl.invoke0(Ljava/lang/reflect/Method;Ljava/lang/Object;[Ljava/lang/Object;)Ljava/lang/Object; (0 bytes) @ 0x0000000002ae893f [0x0000000002ae88c0+0x7f]
J 10318 C1 sun.reflect.NativeMethodAccessorImpl.invoke(Ljava/lang/Object;[Ljava/lang/Object;)Ljava/lang/Object; (104 bytes) @ 0x0000000003dd6b44 [0x0000000003dd59c0+0x1184]
J 10223 C2 java.lang.reflect.Method.invoke(Ljava/lang/Object;[Ljava/lang/Object;)Ljava/lang/Object; (62 bytes) @ 0x0000000002ba5670 [0x0000000002ba55c0+0xb0]
j  org.springframework.beans.factory.support.SimpleInstantiationStrategy.instantiate(Lorg/springframework/beans/factory/support/RootBeanDefinition;Ljava/lang/String;Lorg/springframework/beans/factory/BeanFactory;Ljava/lang/Object;Ljava/lang/reflect/Method;[Ljava/lang/Object;)Ljava/lang/Object;+53
j  org.springframework.beans.factory.support.ConstructorResolver.instantiateUsingFactoryMethod(Ljava/lang/String;Lorg/springframework/beans/factory/support/RootBeanDefinition;[Ljava/lang/Object;)Lorg/springframework/beans/BeanWrapper;+1444
J 7877 C1 org.springframework.beans.factory.support.AbstractAutowireCapableBeanFactory.createBeanInstance(Ljava/lang/String;Lorg/springframework/beans/factory/support/RootBeanDefinition;[Ljava/lang/Object;)Lorg/springframework/beans/BeanWrapper; (213 bytes) @ 0x00000000032fc594 [0x00000000032fa9a0+0x1bf4]
J 8176 C1 org.springframework.beans.factory.support.AbstractAutowireCapableBeanFactory.doCreateBean(Ljava/lang/String;Lorg/springframework/beans/factory/support/RootBeanDefinition;[Ljava/lang/Object;)Ljava/lang/Object; (512 bytes) @ 0x0000000003c86c94 [0x0000000003c86660+0x634]
J 8175 C1 org.springframework.beans.factory.support.AbstractAutowireCapableBeanFactory.createBean(Ljava/lang/String;Lorg/springframework/beans/factory/support/RootBeanDefinition;[Ljava/lang/Object;)Ljava/lang/Object; (177 bytes) @ 0x0000000003c814ac [0x0000000003c80900+0xbac]
J 8184 C1 org.springframework.beans.factory.support.AbstractBeanFactory$1.getObject()Ljava/lang/Object; (34 bytes) @ 0x0000000003c8389c [0x0000000003c83780+0x11c]
J 8187 C1 org.springframework.beans.factory.support.DefaultSingletonBeanRegistry.getSingleton(Ljava/lang/String;Lorg/springframework/beans/factory/ObjectFactory;)Ljava/lang/Object; (309 bytes) @ 0x0000000003c94f04 [0x0000000003c93fa0+0xf64]
J 10724 C1 org.springframework.beans.factory.support.AbstractBeanFactory.doGetBean(Ljava/lang/String;Ljava/lang/Class;[Ljava/lang/Object;Z)Ljava/lang/Object; (732 bytes) @ 0x000000000441d26c [0x000000000441b5a0+0x1ccc]
J 8380 C1 org.springframework.beans.factory.support.AbstractBeanFactory.getBean(Ljava/lang/String;)Ljava/lang/Object; (9 bytes) @ 0x0000000003d27f54 [0x0000000003d27e40+0x114]
j  org.springframework.context.annotation.ConfigurationClassEnhancer$BeanMethodInterceptor.intercept(Ljava/lang/Object;Ljava/lang/reflect/Method;[Ljava/lang/Object;Lorg/springframework/cglib/proxy/MethodProxy;)Ljava/lang/Object;+271
j  br.jus.stf.plataforma.documentos.infra.configuration.MongoMemoryConfiguration$$EnhancerBySpringCGLIB$$933828a0.mongoDbFactory()Lorg/springframework/data/mongodb/MongoDbFactory;+31
j  br.jus.stf.plataforma.documentos.infra.configuration.MongoMemoryConfiguration.gridFsTemplate()Lorg/springframework/data/mongodb/gridfs/GridFsTemplate;+5
j  br.jus.stf.plataforma.documentos.infra.configuration.MongoMemoryConfiguration$$EnhancerBySpringCGLIB$$933828a0.CGLIB$gridFsTemplate$1()Lorg/springframework/data/mongodb/gridfs/GridFsTemplate;+1
j  br.jus.stf.plataforma.documentos.infra.configuration.MongoMemoryConfiguration$$EnhancerBySpringCGLIB$$933828a0$$FastClassBySpringCGLIB$$4c7d54fd.invoke(ILjava/lang/Object;[Ljava/lang/Object;)Ljava/lang/Object;+196
j  org.springframework.cglib.proxy.MethodProxy.invokeSuper(Ljava/lang/Object;[Ljava/lang/Object;)Ljava/lang/Object;+19
j  org.springframework.context.annotation.ConfigurationClassEnhancer$BeanMethodInterceptor.intercept(Ljava/lang/Object;Ljava/lang/reflect/Method;[Ljava/lang/Object;Lorg/springframework/cglib/proxy/MethodProxy;)Ljava/lang/Object;+217
j  br.jus.stf.plataforma.documentos.infra.configuration.MongoMemoryConfiguration$$EnhancerBySpringCGLIB$$933828a0.gridFsTemplate()Lorg/springframework/data/mongodb/gridfs/GridFsTemplate;+31
v  ~StubRoutines::call_stub
J 3170  sun.reflect.NativeMethodAccessorImpl.invoke0(Ljava/lang/reflect/Method;Ljava/lang/Object;[Ljava/lang/Object;)Ljava/lang/Object; (0 bytes) @ 0x0000000002ae893f [0x0000000002ae88c0+0x7f]
J 10318 C1 sun.reflect.NativeMethodAccessorImpl.invoke(Ljava/lang/Object;[Ljava/lang/Object;)Ljava/lang/Object; (104 bytes) @ 0x0000000003dd6b44 [0x0000000003dd59c0+0x1184]
J 10223 C2 java.lang.reflect.Method.invoke(Ljava/lang/Object;[Ljava/lang/Object;)Ljava/lang/Object; (62 bytes) @ 0x0000000002ba5670 [0x0000000002ba55c0+0xb0]
j  org.springframework.beans.factory.support.SimpleInstantiationStrategy.instantiate(Lorg/springframework/beans/factory/support/RootBeanDefinition;Ljava/lang/String;Lorg/springframework/beans/factory/BeanFactory;Ljava/lang/Object;Ljava/lang/reflect/Method;[Ljava/lang/Object;)Ljava/lang/Object;+53
j  org.springframework.beans.factory.support.ConstructorResolver.instantiateUsingFactoryMethod(Ljava/lang/String;Lorg/springframework/beans/factory/support/RootBeanDefinition;[Ljava/lang/Object;)Lorg/springframework/beans/BeanWrapper;+1444
J 7877 C1 org.springframework.beans.factory.support.AbstractAutowireCapableBeanFactory.createBeanInstance(Ljava/lang/String;Lorg/springframework/beans/factory/support/RootBeanDefinition;[Ljava/lang/Object;)Lorg/springframework/beans/BeanWrapper; (213 bytes) @ 0x00000000032fc594 [0x00000000032fa9a0+0x1bf4]
J 8176 C1 org.springframework.beans.factory.support.AbstractAutowireCapableBeanFactory.doCreateBean(Ljava/lang/String;Lorg/springframework/beans/factory/support/RootBeanDefinition;[Ljava/lang/Object;)Ljava/lang/Object; (512 bytes) @ 0x0000000003c86c94 [0x0000000003c86660+0x634]
J 8175 C1 org.springframework.beans.factory.support.AbstractAutowireCapableBeanFactory.createBean(Ljava/lang/String;Lorg/springframework/beans/factory/support/RootBeanDefinition;[Ljava/lang/Object;)Ljava/lang/Object; (177 bytes) @ 0x0000000003c814ac [0x0000000003c80900+0xbac]
J 8184 C1 org.springframework.beans.factory.support.AbstractBeanFactory$1.getObject()Ljava/lang/Object; (34 bytes) @ 0x0000000003c8389c [0x0000000003c83780+0x11c]
J 8187 C1 org.springframework.beans.factory.support.DefaultSingletonBeanRegistry.getSingleton(Ljava/lang/String;Lorg/springframework/beans/factory/ObjectFactory;)Ljava/lang/Object; (309 bytes) @ 0x0000000003c94f04 [0x0000000003c93fa0+0xf64]
J 10724 C1 org.springframework.beans.factory.support.AbstractBeanFactory.doGetBean(Ljava/lang/String;Ljava/lang/Class;[Ljava/lang/Object;Z)Ljava/lang/Object; (732 bytes) @ 0x000000000441d26c [0x000000000441b5a0+0x1ccc]
J 9839 C1 org.springframework.beans.factory.support.DefaultListableBeanFactory.findAutowireCandidates(Ljava/lang/String;Ljava/lang/Class;Lorg/springframework/beans/factory/config/DependencyDescriptor;)Ljava/util/Map; (277 bytes) @ 0x0000000004259f9c [0x0000000004259020+0xf7c]
j  org.springframework.beans.factory.support.DefaultListableBeanFactory.doResolveDependency(Lorg/springframework/beans/factory/config/DependencyDescriptor;Ljava/lang/String;Ljava/util/Set;Lorg/springframework/beans/TypeConverter;)Ljava/lang/Object;+803
J 9840 C1 org.springframework.beans.factory.support.DefaultListableBeanFactory.resolveDependency(Lorg/springframework/beans/factory/config/DependencyDescriptor;Ljava/lang/String;Ljava/util/Set;Lorg/springframework/beans/TypeConverter;)Ljava/lang/Object; (119 bytes) @ 0x000000000425cd94 [0x000000000425c320+0xa74]
J 10725 C1 org.springframework.beans.factory.annotation.AutowiredAnnotationBeanPostProcessor$AutowiredFieldElement.inject(Ljava/lang/Object;Ljava/lang/String;Lorg/springframework/beans/PropertyValues;)V (303 bytes) @ 0x0000000004453d54 [0x0000000004452d60+0xff4]
J 5916 C1 org.springframework.beans.factory.annotation.InjectionMetadata.inject(Ljava/lang/Object;Ljava/lang/String;Lorg/springframework/beans/PropertyValues;)V (125 bytes) @ 0x000000000389ecbc [0x000000000389dac0+0x11fc]
J 10296 C1 org.springframework.beans.factory.annotation.AutowiredAnnotationBeanPostProcessor.postProcessPropertyValues(Lorg/springframework/beans/PropertyValues;[Ljava/beans/PropertyDescriptor;Ljava/lang/Object;Ljava/lang/String;)Lorg/springframework/beans/PropertyValues; (43 bytes) @ 0x0000000002a2aadc [0x0000000002a2a960+0x17c]
J 7875 C1 org.springframework.beans.factory.support.AbstractAutowireCapableBeanFactory.populateBean(Ljava/lang/String;Lorg/springframework/beans/factory/support/RootBeanDefinition;Lorg/springframework/beans/BeanWrapper;)V (346 bytes) @ 0x000000000390d544 [0x000000000390b780+0x1dc4]
J 8176 C1 org.springframework.beans.factory.support.AbstractAutowireCapableBeanFactory.doCreateBean(Ljava/lang/String;Lorg/springframework/beans/factory/support/RootBeanDefinition;[Ljava/lang/Object;)Ljava/lang/Object; (512 bytes) @ 0x0000000003c8811c [0x0000000003c86660+0x1abc]
J 8175 C1 org.springframework.beans.factory.support.AbstractAutowireCapableBeanFactory.createBean(Ljava/lang/String;Lorg/springframework/beans/factory/support/RootBeanDefinition;[Ljava/lang/Object;)Ljava/lang/Object; (177 bytes) @ 0x0000000003c814ac [0x0000000003c80900+0xbac]
J 8184 C1 org.springframework.beans.factory.support.AbstractBeanFactory$1.getObject()Ljava/lang/Object; (34 bytes) @ 0x0000000003c8389c [0x0000000003c83780+0x11c]
J 8187 C1 org.springframework.beans.factory.support.DefaultSingletonBeanRegistry.getSingleton(Ljava/lang/String;Lorg/springframework/beans/factory/ObjectFactory;)Ljava/lang/Object; (309 bytes) @ 0x0000000003c94f04 [0x0000000003c93fa0+0xf64]
J 10724 C1 org.springframework.beans.factory.support.AbstractBeanFactory.doGetBean(Ljava/lang/String;Ljava/lang/Class;[Ljava/lang/Object;Z)Ljava/lang/Object; (732 bytes) @ 0x000000000441d26c [0x000000000441b5a0+0x1ccc]
J 9839 C1 org.springframework.beans.factory.support.DefaultListableBeanFactory.findAutowireCandidates(Ljava/lang/String;Ljava/lang/Class;Lorg/springframework/beans/factory/config/DependencyDescriptor;)Ljava/util/Map; (277 bytes) @ 0x0000000004259f9c [0x0000000004259020+0xf7c]
j  org.springframework.beans.factory.support.DefaultListableBeanFactory.doResolveDependency(Lorg/springframework/beans/factory/config/DependencyDescriptor;Ljava/lang/String;Ljava/util/Set;Lorg/springframework/beans/TypeConverter;)Ljava/lang/Object;+407
J 9840 C1 org.springframework.beans.factory.support.DefaultListableBeanFactory.resolveDependency(Lorg/springframework/beans/factory/config/DependencyDescriptor;Ljava/lang/String;Ljava/util/Set;Lorg/springframework/beans/TypeConverter;)Ljava/lang/Object; (119 bytes) @ 0x000000000425cd94 [0x000000000425c320+0xa74]
j  org.springframework.beans.factory.annotation.AutowiredAnnotationBeanPostProcessor$AutowiredMethodElement.inject(Ljava/lang/Object;Ljava/lang/String;Lorg/springframework/beans/PropertyValues;)V+153
J 5916 C1 org.springframework.beans.factory.annotation.InjectionMetadata.inject(Ljava/lang/Object;Ljava/lang/String;Lorg/springframework/beans/PropertyValues;)V (125 bytes) @ 0x000000000389ecbc [0x000000000389dac0+0x11fc]
J 10296 C1 org.springframework.beans.factory.annotation.AutowiredAnnotationBeanPostProcessor.postProcessPropertyValues(Lorg/springframework/beans/PropertyValues;[Ljava/beans/PropertyDescriptor;Ljava/lang/Object;Ljava/lang/String;)Lorg/springframework/beans/PropertyValues; (43 bytes) @ 0x0000000002a2aadc [0x0000000002a2a960+0x17c]
J 7875 C1 org.springframework.beans.factory.support.AbstractAutowireCapableBeanFactory.populateBean(Ljava/lang/String;Lorg/springframework/beans/factory/support/RootBeanDefinition;Lorg/springframework/beans/BeanWrapper;)V (346 bytes) @ 0x000000000390d544 [0x000000000390b780+0x1dc4]
J 8176 C1 org.springframework.beans.factory.support.AbstractAutowireCapableBeanFactory.doCreateBean(Ljava/lang/String;Lorg/springframework/beans/factory/support/RootBeanDefinition;[Ljava/lang/Object;)Ljava/lang/Object; (512 bytes) @ 0x0000000003c8811c [0x0000000003c86660+0x1abc]
J 8175 C1 org.springframework.beans.factory.support.AbstractAutowireCapableBeanFactory.createBean(Ljava/lang/String;Lorg/springframework/beans/factory/support/RootBeanDefinition;[Ljava/lang/Object;)Ljava/lang/Object; (177 bytes) @ 0x0000000003c814ac [0x0000000003c80900+0xbac]
J 8184 C1 org.springframework.beans.factory.support.AbstractBeanFactory$1.getObject()Ljava/lang/Object; (34 bytes) @ 0x0000000003c8389c [0x0000000003c83780+0x11c]
J 8187 C1 org.springframework.beans.factory.support.DefaultSingletonBeanRegistry.getSingleton(Ljava/lang/String;Lorg/springframework/beans/factory/ObjectFactory;)Ljava/lang/Object; (309 bytes) @ 0x0000000003c94f04 [0x0000000003c93fa0+0xf64]
J 10724 C1 org.springframework.beans.factory.support.AbstractBeanFactory.doGetBean(Ljava/lang/String;Ljava/lang/Class;[Ljava/lang/Object;Z)Ljava/lang/Object; (732 bytes) @ 0x000000000441d26c [0x000000000441b5a0+0x1ccc]
J 8380 C1 org.springframework.beans.factory.support.AbstractBeanFactory.getBean(Ljava/lang/String;)Ljava/lang/Object; (9 bytes) @ 0x0000000003d27f54 [0x0000000003d27e40+0x114]
j  org.springframework.beans.factory.support.ConstructorResolver.instantiateUsingFactoryMethod(Ljava/lang/String;Lorg/springframework/beans/factory/support/RootBeanDefinition;[Ljava/lang/Object;)Lorg/springframework/beans/BeanWrapper;+59
J 7877 C1 org.springframework.beans.factory.support.AbstractAutowireCapableBeanFactory.createBeanInstance(Ljava/lang/String;Lorg/springframework/beans/factory/support/RootBeanDefinition;[Ljava/lang/Object;)Lorg/springframework/beans/BeanWrapper; (213 bytes) @ 0x00000000032fc594 [0x00000000032fa9a0+0x1bf4]
J 8176 C1 org.springframework.beans.factory.support.AbstractAutowireCapableBeanFactory.doCreateBean(Ljava/lang/String;Lorg/springframework/beans/factory/support/RootBeanDefinition;[Ljava/lang/Object;)Ljava/lang/Object; (512 bytes) @ 0x0000000003c86c94 [0x0000000003c86660+0x634]
J 8175 C1 org.springframework.beans.factory.support.AbstractAutowireCapableBeanFactory.createBean(Ljava/lang/String;Lorg/springframework/beans/factory/support/RootBeanDefinition;[Ljava/lang/Object;)Ljava/lang/Object; (177 bytes) @ 0x0000000003c814ac [0x0000000003c80900+0xbac]
J 8184 C1 org.springframework.beans.factory.support.AbstractBeanFactory$1.getObject()Ljava/lang/Object; (34 bytes) @ 0x0000000003c8389c [0x0000000003c83780+0x11c]
J 8187 C1 org.springframework.beans.factory.support.DefaultSingletonBeanRegistry.getSingleton(Ljava/lang/String;Lorg/springframework/beans/factory/ObjectFactory;)Ljava/lang/Object; (309 bytes) @ 0x0000000003c94f04 [0x0000000003c93fa0+0xf64]
J 10724 C1 org.springframework.beans.factory.support.AbstractBeanFactory.doGetBean(Ljava/lang/String;Ljava/lang/Class;[Ljava/lang/Object;Z)Ljava/lang/Object; (732 bytes) @ 0x000000000441d26c [0x000000000441b5a0+0x1ccc]
J 9839 C1 org.springframework.beans.factory.support.DefaultListableBeanFactory.findAutowireCandidates(Ljava/lang/String;Ljava/lang/Class;Lorg/springframework/beans/factory/config/DependencyDescriptor;)Ljava/util/Map; (277 bytes) @ 0x0000000004259f9c [0x0000000004259020+0xf7c]
j  org.springframework.beans.factory.support.DefaultListableBeanFactory.doResolveDependency(Lorg/springframework/beans/factory/config/DependencyDescriptor;Ljava/lang/String;Ljava/util/Set;Lorg/springframework/beans/TypeConverter;)Ljava/lang/Object;+803
J 9840 C1 org.springframework.beans.factory.support.DefaultListableBeanFactory.resolveDependency(Lorg/springframework/beans/factory/config/DependencyDescriptor;Ljava/lang/String;Ljava/util/Set;Lorg/springframework/beans/TypeConverter;)Ljava/lang/Object; (119 bytes) @ 0x000000000425cd94 [0x000000000425c320+0xa74]
j  org.springframework.beans.factory.annotation.AutowiredAnnotationBeanPostProcessor$AutowiredMethodElement.inject(Ljava/lang/Object;Ljava/lang/String;Lorg/springframework/beans/PropertyValues;)V+153
J 5916 C1 org.springframework.beans.factory.annotation.InjectionMetadata.inject(Ljava/lang/Object;Ljava/lang/String;Lorg/springframework/beans/PropertyValues;)V (125 bytes) @ 0x000000000389ecbc [0x000000000389dac0+0x11fc]
J 10296 C1 org.springframework.beans.factory.annotation.AutowiredAnnotationBeanPostProcessor.postProcessPropertyValues(Lorg/springframework/beans/PropertyValues;[Ljava/beans/PropertyDescriptor;Ljava/lang/Object;Ljava/lang/String;)Lorg/springframework/beans/PropertyValues; (43 bytes) @ 0x0000000002a2aadc [0x0000000002a2a960+0x17c]
J 7875 C1 org.springframework.beans.factory.support.AbstractAutowireCapableBeanFactory.populateBean(Ljava/lang/String;Lorg/springframework/beans/factory/support/RootBeanDefinition;Lorg/springframework/beans/BeanWrapper;)V (346 bytes) @ 0x000000000390d544 [0x000000000390b780+0x1dc4]
J 8176 C1 org.springframework.beans.factory.support.AbstractAutowireCapableBeanFactory.doCreateBean(Ljava/lang/String;Lorg/springframework/beans/factory/support/RootBeanDefinition;[Ljava/lang/Object;)Ljava/lang/Object; (512 bytes) @ 0x0000000003c8811c [0x0000000003c86660+0x1abc]
J 8175 C1 org.springframework.beans.factory.support.AbstractAutowireCapableBeanFactory.createBean(Ljava/lang/String;Lorg/springframework/beans/factory/support/RootBeanDefinition;[Ljava/lang/Object;)Ljava/lang/Object; (177 bytes) @ 0x0000000003c814ac [0x0000000003c80900+0xbac]
J 8184 C1 org.springframework.beans.factory.support.AbstractBeanFactory$1.getObject()Ljava/lang/Object; (34 bytes) @ 0x0000000003c8389c [0x0000000003c83780+0x11c]
J 8187 C1 org.springframework.beans.factory.support.DefaultSingletonBeanRegistry.getSingleton(Ljava/lang/String;Lorg/springframework/beans/factory/ObjectFactory;)Ljava/lang/Object; (309 bytes) @ 0x0000000003c94f04 [0x0000000003c93fa0+0xf64]
J 10724 C1 org.springframework.beans.factory.support.AbstractBeanFactory.doGetBean(Ljava/lang/String;Ljava/lang/Class;[Ljava/lang/Object;Z)Ljava/lang/Object; (732 bytes) @ 0x000000000441d26c [0x000000000441b5a0+0x1ccc]
J 8380 C1 org.springframework.beans.factory.support.AbstractBeanFactory.getBean(Ljava/lang/String;)Ljava/lang/Object; (9 bytes) @ 0x0000000003d27f54 [0x0000000003d27e40+0x114]
j  org.springframework.beans.factory.support.ConstructorResolver.instantiateUsingFactoryMethod(Ljava/lang/String;Lorg/springframework/beans/factory/support/RootBeanDefinition;[Ljava/lang/Object;)Lorg/springframework/beans/BeanWrapper;+59
J 7877 C1 org.springframework.beans.factory.support.AbstractAutowireCapableBeanFactory.createBeanInstance(Ljava/lang/String;Lorg/springframework/beans/factory/support/RootBeanDefinition;[Ljava/lang/Object;)Lorg/springframework/beans/BeanWrapper; (213 bytes) @ 0x00000000032fc594 [0x00000000032fa9a0+0x1bf4]
J 8176 C1 org.springframework.beans.factory.support.AbstractAutowireCapableBeanFactory.doCreateBean(Ljava/lang/String;Lorg/springframework/beans/factory/support/RootBeanDefinition;[Ljava/lang/Object;)Ljava/lang/Object; (512 bytes) @ 0x0000000003c86c94 [0x0000000003c86660+0x634]
J 8175 C1 org.springframework.beans.factory.support.AbstractAutowireCapableBeanFactory.createBean(Ljava/lang/String;Lorg/springframework/beans/factory/support/RootBeanDefinition;[Ljava/lang/Object;)Ljava/lang/Object; (177 bytes) @ 0x0000000003c814ac [0x0000000003c80900+0xbac]
J 8184 C1 org.springframework.beans.factory.support.AbstractBeanFactory$1.getObject()Ljava/lang/Object; (34 bytes) @ 0x0000000003c8389c [0x0000000003c83780+0x11c]
J 8187 C1 org.springframework.beans.factory.support.DefaultSingletonBeanRegistry.getSingleton(Ljava/lang/String;Lorg/springframework/beans/factory/ObjectFactory;)Ljava/lang/Object; (309 bytes) @ 0x0000000003c94f04 [0x0000000003c93fa0+0xf64]
J 10724 C1 org.springframework.beans.factory.support.AbstractBeanFactory.doGetBean(Ljava/lang/String;Ljava/lang/Class;[Ljava/lang/Object;Z)Ljava/lang/Object; (732 bytes) @ 0x000000000441d26c [0x000000000441b5a0+0x1ccc]
J 2446 C1 org.springframework.beans.factory.support.AbstractBeanFactory.getBean(Ljava/lang/String;Ljava/lang/Class;)Ljava/lang/Object; (9 bytes) @ 0x0000000003135344 [0x0000000003135240+0x104]
j  org.springframework.boot.context.embedded.ServletContextInitializerBeans.getOrderedBeansOfType(Lorg/springframework/beans/factory/ListableBeanFactory;Ljava/lang/Class;)Ljava/util/List;+72
j  org.springframework.boot.context.embedded.ServletContextInitializerBeans.addServletContextInitializerBeans(Lorg/springframework/beans/factory/ListableBeanFactory;)V+5
j  org.springframework.boot.context.embedded.ServletContextInitializerBeans.<init>(Lorg/springframework/beans/factory/ListableBeanFactory;)V+39
j  org.springframework.boot.context.embedded.EmbeddedWebApplicationContext.getServletContextInitializerBeans()Ljava/util/Collection;+8
j  org.springframework.boot.context.embedded.EmbeddedWebApplicationContext.selfInitialize(Ljavax/servlet/ServletContext;)V+40
j  org.springframework.boot.context.embedded.EmbeddedWebApplicationContext.access$000(Lorg/springframework/boot/context/embedded/EmbeddedWebApplicationContext;Ljavax/servlet/ServletContext;)V+2
j  org.springframework.boot.context.embedded.EmbeddedWebApplicationContext$1.onStartup(Ljavax/servlet/ServletContext;)V+5
j  org.springframework.boot.context.embedded.tomcat.TomcatStarter.onStartup(Ljava/util/Set;Ljavax/servlet/ServletContext;)V+28
j  org.apache.catalina.core.StandardContext.startInternal()V+1067
j  org.apache.catalina.util.LifecycleBase.start()V+210
j  org.apache.catalina.core.ContainerBase$StartChild.call()Ljava/lang/Void;+4
j  org.apache.catalina.core.ContainerBase$StartChild.call()Ljava/lang/Object;+1
J 10847 C1 java.util.concurrent.FutureTask.run()V (126 bytes) @ 0x00000000038b6e8c [0x00000000038b6c40+0x24c]
j  java.util.concurrent.ThreadPoolExecutor.runWorker(Ljava/util/concurrent/ThreadPoolExecutor$Worker;)V+95
j  java.util.concurrent.ThreadPoolExecutor$Worker.run()V+5
j  java.lang.Thread.run()V+11
v  ~StubRoutines::call_stub

---------------  P R O C E S S  ---------------

Java Threads: ( => current thread )
=>0x000000001ff9a800 JavaThread "localhost-startStop-1" daemon [_thread_in_native, id=9656, stack(0x0000000023210000,0x0000000023310000)]
  0x000000001ffa2000 JavaThread "Tomcat-startStop-1" daemon [_thread_blocked, id=2140, stack(0x000000001f520000,0x000000001f620000)]
  0x000000001eba2800 JavaThread "MongoCleaner1102001219" daemon [_thread_blocked, id=10444, stack(0x0000000020cc0000,0x0000000020dc0000)]
  0x000000001f8e4000 JavaThread "cluster-1-localhost:61554" daemon [_thread_blocked, id=11140, stack(0x0000000020a90000,0x0000000020b90000)]
  0x000000001ab7a000 JavaThread "Thread-4" daemon [_thread_in_native, id=8680, stack(0x0000000020ed0000,0x0000000020fd0000)]
  0x000000001a27a000 JavaThread "Thread-3" daemon [_thread_in_native, id=7252, stack(0x000000001c9b0000,0x000000001cab0000)]
  0x00000000199db000 JavaThread "ReaderThread" [_thread_in_native, id=4140, stack(0x0000000019fd0000,0x000000001a0d0000)]
  0x00000000189b6000 JavaThread "Service Thread" daemon [_thread_blocked, id=7820, stack(0x00000000191f0000,0x00000000192f0000)]
  0x00000000173fa000 JavaThread "C1 CompilerThread2" daemon [_thread_blocked, id=10084, stack(0x0000000018fa0000,0x00000000190a0000)]
  0x0000000018950800 JavaThread "C2 CompilerThread1" daemon [_thread_blocked, id=8960, stack(0x0000000018300000,0x0000000018400000)]
  0x000000001894b800 JavaThread "C2 CompilerThread0" daemon [_thread_blocked, id=7824, stack(0x0000000018ea0000,0x0000000018fa0000)]
  0x0000000018948000 JavaThread "Attach Listener" daemon [_thread_blocked, id=9088, stack(0x0000000018d80000,0x0000000018e80000)]
  0x0000000018947000 JavaThread "Signal Dispatcher" daemon [_thread_blocked, id=9028, stack(0x0000000018740000,0x0000000018840000)]
  0x00000000173a1800 JavaThread "Finalizer" daemon [_thread_blocked, id=9168, stack(0x0000000018840000,0x0000000018940000)]
  0x000000001739a000 JavaThread "Reference Handler" daemon [_thread_blocked, id=11028, stack(0x0000000018620000,0x0000000018720000)]
  0x0000000002020800 JavaThread "main" [_thread_blocked, id=2460, stack(0x0000000002430000,0x0000000002530000)]

Other Threads:
  0x0000000017394800 VMThread [stack: 0x0000000018430000,0x0000000018530000] [id=8760]
  0x00000000189c1000 WatcherThread [stack: 0x0000000019460000,0x0000000019560000] [id=10136]

VM state:not at safepoint (normal execution)

VM Mutex/Monitor currently owned by a thread: None

Heap:
 PSYoungGen      total 657408K, used 520887K [0x00000000d5f80000, 0x0000000100000000, 0x0000000100000000)
  eden space 625152K, 83% used [0x00000000d5f80000,0x00000000f5c2dec0,0x00000000fc200000)
  from space 32256K, 0% used [0x00000000fe080000,0x00000000fe080000,0x0000000100000000)
  to   space 31232K, 0% used [0x00000000fc200000,0x00000000fc200000,0x00000000fe080000)
 ParOldGen       total 237056K, used 73098K [0x0000000081e00000, 0x0000000090580000, 0x00000000d5f80000)
  object space 237056K, 30% used [0x0000000081e00000,0x0000000086562ad0,0x0000000090580000)
 Metaspace       used 97357K, capacity 98260K, committed 98732K, reserved 1134592K
  class space    used 12481K, capacity 12691K, committed 12800K, reserved 1048576K

Card table byte_map: [0x0000000011bc0000,0x0000000011fc0000] byte_map_base: 0x00000000117b1000

Marking Bits: (ParMarkBitMap*) 0x000000006fd94040
 Begin Bits: [0x00000000126f0000, 0x0000000014678000)
 End Bits:   [0x0000000014678000, 0x0000000016600000)

Polling page: 0x0000000000110000

CodeCache: size=245760Kb used=30154Kb max_used=30264Kb free=215605Kb
 bounds [0x0000000002800000, 0x00000000045c0000, 0x0000000011800000]
 total_blobs=9650 nmethods=8956 adapters=605
 compilation: enabled

Compilation events (10 events):
Event: 26.688 Thread 0x000000001894b800 11215   !   4       org.springframework.core.annotation.AnnotatedElementUtils::doProcess (292 bytes)
Event: 26.688 Thread 0x00000000173fa000 11216       1       java.util.Collections$EmptyList::toArray (5 bytes)
Event: 26.688 Thread 0x00000000173fa000 nmethod 11216 0x0000000002c5a350 code [0x0000000002c5a4a0, 0x0000000002c5a630]
Event: 26.694 Thread 0x0000000018950800 11217       4       java.util.LinkedList::addAll (182 bytes)
Event: 26.697 Thread 0x0000000018950800 nmethod 11217 0x0000000002b527d0 code [0x0000000002b52940, 0x0000000002b52c68]
Event: 26.697 Thread 0x0000000018950800 11218       4       java.util.Collections$UnmodifiableMap$UnmodifiableEntrySet::iterator (9 bytes)
Event: 26.703 Thread 0x00000000173fa000 11219       3       org.hibernate.validator.internal.metadata.aggregated.PropertyMetaData$Builder::add (35 bytes)
Event: 26.703 Thread 0x00000000173fa000 nmethod 11219 0x0000000002e0d790 code [0x0000000002e0d920, 0x0000000002e0dd08]
Event: 26.706 Thread 0x0000000018950800 nmethod 11218 0x0000000003265590 code [0x0000000003265700, 0x0000000003265b58]
Event: 26.711 Thread 0x000000001894b800 nmethod 11215 0x000000000317ad10 code [0x000000000317b040, 0x000000000317cde0]

GC Heap History (10 events):
Event: 12.638 GC heap before
{Heap before GC invocations=16 (full 3):
 PSYoungGen      total 490496K, used 10090K [0x00000000d5f80000, 0x00000000fac00000, 0x0000000100000000)
  eden space 471552K, 0% used [0x00000000d5f80000,0x00000000d5f80000,0x00000000f2c00000)
  from space 18944K, 53% used [0x00000000f2c00000,0x00000000f35da8c8,0x00000000f3e80000)
  to   space 18432K, 0% used [0x00000000f9a00000,0x00000000f9a00000,0x00000000fac00000)
 ParOldGen       total 100864K, used 38622K [0x0000000081e00000, 0x0000000088080000, 0x00000000d5f80000)
  object space 100864K, 38% used [0x0000000081e00000,0x00000000843b7948,0x0000000088080000)
 Metaspace       used 58374K, capacity 58714K, committed 59008K, reserved 1101824K
  class space    used 7441K, capacity 7523K, committed 7552K, reserved 1048576K
Event: 12.861 GC heap after
Heap after GC invocations=16 (full 3):
 PSYoungGen      total 490496K, used 0K [0x00000000d5f80000, 0x00000000fac00000, 0x0000000100000000)
  eden space 471552K, 0% used [0x00000000d5f80000,0x00000000d5f80000,0x00000000f2c00000)
  from space 18944K, 0% used [0x00000000f2c00000,0x00000000f2c00000,0x00000000f3e80000)
  to   space 18432K, 0% used [0x00000000f9a00000,0x00000000f9a00000,0x00000000fac00000)
 ParOldGen       total 152064K, used 38115K [0x0000000081e00000, 0x000000008b280000, 0x00000000d5f80000)
  object space 152064K, 25% used [0x0000000081e00000,0x0000000084338ea8,0x000000008b280000)
 Metaspace       used 58370K, capacity 58708K, committed 59008K, reserved 1101824K
  class space    used 7440K, capacity 7522K, committed 7552K, reserved 1048576K
}
Event: 15.672 GC heap before
{Heap before GC invocations=17 (full 3):
 PSYoungGen      total 490496K, used 471552K [0x00000000d5f80000, 0x00000000fac00000, 0x0000000100000000)
  eden space 471552K, 100% used [0x00000000d5f80000,0x00000000f2c00000,0x00000000f2c00000)
  from space 18944K, 0% used [0x00000000f2c00000,0x00000000f2c00000,0x00000000f3e80000)
  to   space 18432K, 0% used [0x00000000f9a00000,0x00000000f9a00000,0x00000000fac00000)
 ParOldGen       total 152064K, used 38115K [0x0000000081e00000, 0x000000008b280000, 0x00000000d5f80000)
  object space 152064K, 25% used [0x0000000081e00000,0x0000000084338ea8,0x000000008b280000)
 Metaspace       used 73264K, capacity 73700K, committed 74112K, reserved 1114112K
  class space    used 9501K, capacity 9590K, committed 9600K, reserved 1048576K
Event: 15.753 GC heap after
Heap after GC invocations=17 (full 3):
 PSYoungGen      total 579072K, used 18410K [0x00000000d5f80000, 0x00000000fb680000, 0x0000000100000000)
  eden space 560640K, 0% used [0x00000000d5f80000,0x00000000d5f80000,0x00000000f8300000)
  from space 18432K, 99% used [0x00000000f9a00000,0x00000000fabfa8f0,0x00000000fac00000)
  to   space 23552K, 0% used [0x00000000f8300000,0x00000000f8300000,0x00000000f9a00000)
 ParOldGen       total 152064K, used 45080K [0x0000000081e00000, 0x000000008b280000, 0x00000000d5f80000)
  object space 152064K, 29% used [0x0000000081e00000,0x0000000084a06380,0x000000008b280000)
 Metaspace       used 73264K, capacity 73700K, committed 74112K, reserved 1114112K
  class space    used 9501K, capacity 9590K, committed 9600K, reserved 1048576K
}
Event: 20.056 GC heap before
{Heap before GC invocations=18 (full 3):
 PSYoungGen      total 579072K, used 579050K [0x00000000d5f80000, 0x00000000fb680000, 0x0000000100000000)
  eden space 560640K, 100% used [0x00000000d5f80000,0x00000000f8300000,0x00000000f8300000)
  from space 18432K, 99% used [0x00000000f9a00000,0x00000000fabfa8f0,0x00000000fac00000)
  to   space 23552K, 0% used [0x00000000f8300000,0x00000000f8300000,0x00000000f9a00000)
 ParOldGen       total 152064K, used 45080K [0x0000000081e00000, 0x000000008b280000, 0x00000000d5f80000)
  object space 152064K, 29% used [0x0000000081e00000,0x0000000084a06380,0x000000008b280000)
 Metaspace       used 88403K, capacity 89058K, committed 89728K, reserved 1128448K
  class space    used 11398K, capacity 11556K, committed 11648K, reserved 1048576K
Event: 20.107 GC heap after
Heap after GC invocations=18 (full 3):
 PSYoungGen      total 584192K, used 23523K [0x00000000d5f80000, 0x0000000100000000, 0x0000000100000000)
  eden space 560640K, 0% used [0x00000000d5f80000,0x00000000d5f80000,0x00000000f8300000)
  from space 23552K, 99% used [0x00000000f8300000,0x00000000f99f8d30,0x00000000f9a00000)
  to   space 32256K, 0% used [0x00000000fe080000,0x00000000fe080000,0x0000000100000000)
 ParOldGen       total 152064K, used 59455K [0x0000000081e00000, 0x000000008b280000, 0x00000000d5f80000)
  object space 152064K, 39% used [0x0000000081e00000,0x000000008580fda8,0x000000008b280000)
 Metaspace       used 88403K, capacity 89058K, committed 89728K, reserved 1128448K
  class space    used 11398K, capacity 11556K, committed 11648K, reserved 1048576K
}
Event: 23.752 GC heap before
{Heap before GC invocations=19 (full 3):
 PSYoungGen      total 584192K, used 370947K [0x00000000d5f80000, 0x0000000100000000, 0x0000000100000000)
  eden space 560640K, 61% used [0x00000000d5f80000,0x00000000eb2c8070,0x00000000f8300000)
  from space 23552K, 99% used [0x00000000f8300000,0x00000000f99f8d30,0x00000000f9a00000)
  to   space 32256K, 0% used [0x00000000fe080000,0x00000000fe080000,0x0000000100000000)
 ParOldGen       total 152064K, used 59455K [0x0000000081e00000, 0x000000008b280000, 0x00000000d5f80000)
  object space 152064K, 39% used [0x0000000081e00000,0x000000008580fda8,0x000000008b280000)
 Metaspace       used 97111K, capacity 98028K, committed 98348K, reserved 1134592K
  class space    used 12463K, capacity 12668K, committed 12672K, reserved 1048576K
Event: 23.800 GC heap after
Heap after GC invocations=19 (full 3):
 PSYoungGen      total 657408K, used 16797K [0x00000000d5f80000, 0x0000000100000000, 0x0000000100000000)
  eden space 625152K, 0% used [0x00000000d5f80000,0x00000000d5f80000,0x00000000fc200000)
  from space 32256K, 52% used [0x00000000fe080000,0x00000000ff0e7468,0x0000000100000000)
  to   space 31232K, 0% used [0x00000000fc200000,0x00000000fc200000,0x00000000fe080000)
 ParOldGen       total 152064K, used 75933K [0x0000000081e00000, 0x000000008b280000, 0x00000000d5f80000)
  object space 152064K, 49% used [0x0000000081e00000,0x00000000868277b0,0x000000008b280000)
 Metaspace       used 97111K, capacity 98028K, committed 98348K, reserved 1134592K
  class space    used 12463K, capacity 12668K, committed 12672K, reserved 1048576K
}
Event: 23.800 GC heap before
{Heap before GC invocations=20 (full 4):
 PSYoungGen      total 657408K, used 16797K [0x00000000d5f80000, 0x0000000100000000, 0x0000000100000000)
  eden space 625152K, 0% used [0x00000000d5f80000,0x00000000d5f80000,0x00000000fc200000)
  from space 32256K, 52% used [0x00000000fe080000,0x00000000ff0e7468,0x0000000100000000)
  to   space 31232K, 0% used [0x00000000fc200000,0x00000000fc200000,0x00000000fe080000)
 ParOldGen       total 152064K, used 75933K [0x0000000081e00000, 0x000000008b280000, 0x00000000d5f80000)
  object space 152064K, 49% used [0x0000000081e00000,0x00000000868277b0,0x000000008b280000)
 Metaspace       used 97111K, capacity 98028K, committed 98348K, reserved 1134592K
  class space    used 12463K, capacity 12668K, committed 12672K, reserved 1048576K
Event: 24.025 GC heap after
Heap after GC invocations=20 (full 4):
 PSYoungGen      total 657408K, used 0K [0x00000000d5f80000, 0x0000000100000000, 0x0000000100000000)
  eden space 625152K, 0% used [0x00000000d5f80000,0x00000000d5f80000,0x00000000fc200000)
  from space 32256K, 0% used [0x00000000fe080000,0x00000000fe080000,0x0000000100000000)
  to   space 31232K, 0% used [0x00000000fc200000,0x00000000fc200000,0x00000000fe080000)
 ParOldGen       total 237056K, used 73098K [0x0000000081e00000, 0x0000000090580000, 0x00000000d5f80000)
  object space 237056K, 30% used [0x0000000081e00000,0x0000000086562ad0,0x0000000090580000)
 Metaspace       used 97070K, capacity 97962K, committed 98348K, reserved 1134592K
  class space    used 12457K, capacity 12657K, committed 12672K, reserved 1048576K
}

Deoptimization events (10 events):
Event: 24.190 Thread 0x0000000002020800 Uncommon trap: reason=bimorphic action=maybe_recompile pc=0x0000000002ccb82c method=org.springframework.core.annotation.AnnotatedElementUtils.doProcess(Ljava/lang/reflect/AnnotatedElement;Ljava/lang/String;ZLorg/springframework/core/annotation/AnnotatedEleÝ£"*¡08@
Event: 24.190 Thread 0x0000000002020800 Uncommon trap: reason=unstable_if action=reinterpret pc=0x0000000002ccae20 method=org.springframework.core.annotation.AnnotatedElementUtils.doProcess(Ljava/lang/reflect/AnnotatedElement;Ljava/lang/String;ZLorg/springframework/core/annotation/AnnotatedEleme9¼EÌl8@
Event: 24.425 Thread 0x0000000002020800 Uncommon trap: reason=unstable_if action=reinterpret pc=0x000000000431cb30 method=org.springframework.asm.MethodVisitor.visitTableSwitchInsn(IILorg/springframework/asm/Label;[Lorg/springframework/asm/Label;)V @ 4
Event: 26.159 Thread 0x0000000002020800 Uncommon trap: reason=array_check action=maybe_recompile pc=0x00000000044f7380 method=org.springframework.core.type.classreading.AnnotationReadingVisitorUtils.convertClassValues(Ljava/lang/ClassLoader;Lorg/springframework/core/annotation/AnnotationAttributìŠî´Î(:@
Event: 26.159 Thread 0x0000000002020800 Uncommon trap: reason=array_check action=maybe_recompile pc=0x00000000044f7380 method=org.springframework.core.type.classreading.AnnotationReadingVisitorUtils.convertClassValues(Ljava/lang/ClassLoader;Lorg/springframework/core/annotation/AnnotationAttribut¹­oÓ(:@
Event: 26.159 Thread 0x0000000002020800 Uncommon trap: reason=array_check action=maybe_recompile pc=0x00000000044f7380 method=org.springframework.core.type.classreading.AnnotationReadingVisitorUtils.convertClassValues(Ljava/lang/ClassLoader;Lorg/springframework/core/annotation/AnnotationAttributmº+ÇÝ(:@
Event: 26.160 Thread 0x0000000002020800 Uncommon trap: reason=array_check action=maybe_recompile pc=0x00000000044f7380 method=org.springframework.core.type.classreading.AnnotationReadingVisitorUtils.convertClassValues(Ljava/lang/ClassLoader;Lorg/springframework/core/annotation/AnnotationAttributdgº•Ùs:@
Event: 26.453 Thread 0x0000000002020800 Uncommon trap: reason=null_check action=make_not_entrant pc=0x0000000002e4b79c method=org.springframework.data.repository.core.support.RepositoryInterfaceAwareBeanPostProcessor.predictBeanType(Ljava/lang/Class;Ljava/lang/String;)Ljava/lang/Class; @ 30
Event: 26.578 Thread 0x0000000002020800 Uncommon trap: reason=predicate action=maybe_recompile pc=0x0000000004536744 method=org.springframework.asm.ClassReader.accept(Lorg/springframework/asm/ClassVisitor;[Lorg/springframework/asm/Attribute;I)V @ 732
Event: 26.580 Thread 0x0000000002020800 Uncommon trap: reason=class_check action=maybe_recompile pc=0x00000000034a0884 method=java.io.FilterInputStream.read()I @ 4

Internal exceptions (10 events):
Event: 25.089 Thread 0x0000000002020800 Exception <a 'java/security/PrivilegedActionException'> (0x00000000e17de3d8) thrown at [C:\re\workspace\8-2-build-windows-amd64-cygwin\jdk8u45\3627\hotspot\src\share\vm\prims\jvm.cpp, line 1382]
Event: 25.122 Thread 0x0000000002020800 Exception <a 'java/security/PrivilegedActionException'> (0x00000000e1b3b078) thrown at [C:\re\workspace\8-2-build-windows-amd64-cygwin\jdk8u45\3627\hotspot\src\share\vm\prims\jvm.cpp, line 1382]
Event: 25.122 Thread 0x0000000002020800 Exception <a 'java/security/PrivilegedActionException'> (0x00000000e1b3b550) thrown at [C:\re\workspace\8-2-build-windows-amd64-cygwin\jdk8u45\3627\hotspot\src\share\vm\prims\jvm.cpp, line 1382]
Event: 26.184 Thread 0x0000000002020800 Exception <a 'java/security/PrivilegedActionException'> (0x00000000ed40fa00) thrown at [C:\re\workspace\8-2-build-windows-amd64-cygwin\jdk8u45\3627\hotspot\src\share\vm\prims\jvm.cpp, line 1382]
Event: 26.184 Thread 0x0000000002020800 Exception <a 'java/security/PrivilegedActionException'> (0x00000000ed40fd48) thrown at [C:\re\workspace\8-2-build-windows-amd64-cygwin\jdk8u45\3627\hotspot\src\share\vm\prims\jvm.cpp, line 1382]
Event: 26.443 Thread 0x0000000002020800 Exception <a 'java/security/PrivilegedActionException'> (0x00000000f11a64c8) thrown at [C:\re\workspace\8-2-build-windows-amd64-cygwin\jdk8u45\3627\hotspot\src\share\vm\prims\jvm.cpp, line 1382]
Event: 26.443 Thread 0x0000000002020800 Exception <a 'java/security/PrivilegedActionException'> (0x00000000f11a69a0) thrown at [C:\re\workspace\8-2-build-windows-amd64-cygwin\jdk8u45\3627\hotspot\src\share\vm\prims\jvm.cpp, line 1382]
Event: 26.443 Thread 0x0000000002020800 Exception <a 'java/security/PrivilegedActionException'> (0x00000000f11b57a8) thrown at [C:\re\workspace\8-2-build-windows-amd64-cygwin\jdk8u45\3627\hotspot\src\share\vm\prims\jvm.cpp, line 1382]
Event: 26.443 Thread 0x0000000002020800 Exception <a 'java/security/PrivilegedActionException'> (0x00000000f11b5c80) thrown at [C:\re\workspace\8-2-build-windows-amd64-cygwin\jdk8u45\3627\hotspot\src\share\vm\prims\jvm.cpp, line 1382]
Event: 26.453 Thread 0x0000000002020800 Implicit null exception at 0x0000000002e4b4e0 to 0x0000000002e4b789

Events (10 events):
Event: 26.689 Thread 0x00000000173fa000 flushing nmethod 0x0000000003178910
Event: 26.689 Thread 0x00000000173fa000 flushing nmethod 0x0000000003185510
Event: 26.697 Thread 0x0000000018950800 flushing nmethod 0x00000000032136d0
Event: 26.697 Thread 0x0000000018950800 flushing nmethod 0x0000000003265590
Event: 26.697 Thread 0x0000000018950800 flushing nmethod 0x00000000032942d0
Event: 26.697 Thread 0x0000000018950800 flushing nmethod 0x00000000032f7810
Event: 26.697 Thread 0x0000000018950800 flushing nmethod 0x0000000003322690
Event: 26.703 Thread 0x00000000173fa000 flushing nmethod 0x000000000345f010
Event: 26.703 Thread 0x00000000173fa000 flushing nmethod 0x00000000034dbcd0
Event: 26.707 Thread 0x0000000018950800 flushing nmethod 0x00000000036bb790


Dynamic libraries:
0x000000013fbf0000 - 0x000000013fc27000 	C:\Program Files\Java\jdk1.8.0_45-x64\bin\javaw.exe
0x0000000077be0000 - 0x0000000077d89000 	C:\windows\SYSTEM32\ntdll.dll
0x0000000077ac0000 - 0x0000000077be0000 	C:\windows\system32\kernel32.dll
0x000007fefdc50000 - 0x000007fefdcbc000 	C:\windows\system32\KERNELBASE.dll
0x0000000075690000 - 0x0000000075718000 	C:\windows\System32\SYSFER.DLL
0x000007fefee20000 - 0x000007fefeefb000 	C:\windows\system32\ADVAPI32.dll
0x000007fefe760000 - 0x000007fefe7ff000 	C:\windows\system32\msvcrt.dll
0x000007fefe880000 - 0x000007fefe89f000 	C:\windows\SYSTEM32\sechost.dll
0x000007fefe8a0000 - 0x000007fefe9cd000 	C:\windows\system32\RPCRT4.dll
0x00000000779c0000 - 0x0000000077aba000 	C:\windows\system32\USER32.dll
0x000007fefe6f0000 - 0x000007fefe757000 	C:\windows\system32\GDI32.dll
0x000007fefe610000 - 0x000007fefe61e000 	C:\windows\system32\LPK.dll
0x000007fefe620000 - 0x000007fefe6e9000 	C:\windows\system32\USP10.dll
0x000007fefc3a0000 - 0x000007fefc594000 	C:\windows\WinSxS\amd64_microsoft.windows.common-controls_6595b64144ccf1df_6.0.7601.18837_none_fa3b1e3d17594757\COMCTL32.dll
0x000007fefe800000 - 0x000007fefe871000 	C:\windows\system32\SHLWAPI.dll
0x000007fefdd40000 - 0x000007fefdd6e000 	C:\windows\system32\IMM32.DLL
0x000007fefdfb0000 - 0x000007fefe0b9000 	C:\windows\system32\MSCTF.dll
0x000000005ff30000 - 0x0000000060002000 	C:\Program Files\Java\jdk1.8.0_45-x64\jre\bin\msvcr100.dll
0x000000006f590000 - 0x000000006fe13000 	C:\Program Files\Java\jdk1.8.0_45-x64\jre\bin\server\jvm.dll
0x000007fef98d0000 - 0x000007fef98d9000 	C:\windows\system32\WSOCK32.dll
0x000007fefe0c0000 - 0x000007fefe10d000 	C:\windows\system32\WS2_32.dll
0x000007feff130000 - 0x000007feff138000 	C:\windows\system32\NSI.dll
0x000007fefaef0000 - 0x000007fefaf2b000 	C:\windows\system32\WINMM.dll
0x000007fefca60000 - 0x000007fefca6c000 	C:\windows\system32\VERSION.dll
0x0000000077da0000 - 0x0000000077da7000 	C:\windows\system32\PSAPI.DLL
0x0000000069550000 - 0x000000006955f000 	C:\Program Files\Java\jdk1.8.0_45-x64\jre\bin\verify.dll
0x0000000050040000 - 0x0000000050069000 	C:\Program Files\Java\jdk1.8.0_45-x64\jre\bin\java.dll
0x0000000050020000 - 0x0000000050036000 	C:\Program Files\Java\jdk1.8.0_45-x64\jre\bin\zip.dll
0x000007feff140000 - 0x000007feffec9000 	C:\windows\system32\SHELL32.dll
0x000007fefe190000 - 0x000007fefe393000 	C:\windows\system32\ole32.dll
0x000007fefd990000 - 0x000007fefd99f000 	C:\windows\system32\profapi.dll
0x0000000050000000 - 0x000000005001a000 	C:\Program Files\Java\jdk1.8.0_45-x64\jre\bin\net.dll
0x000007fefd120000 - 0x000007fefd175000 	C:\windows\system32\mswsock.dll
0x000007fefd110000 - 0x000007fefd117000 	C:\windows\System32\wship6.dll
0x000007fefb6f0000 - 0x000007fefb705000 	C:\windows\system32\NLAapi.dll
0x000007fef9540000 - 0x000007fef9555000 	C:\windows\system32\napinsp.dll
0x000007fef9560000 - 0x000007fef9579000 	C:\windows\system32\pnrpnsp.dll
0x000007fefcfa0000 - 0x000007fefcffb000 	C:\windows\system32\DNSAPI.dll
0x000007fef9530000 - 0x000007fef953b000 	C:\windows\System32\winrnr.dll
0x000007fefcb30000 - 0x000007fefcb37000 	C:\windows\System32\wshtcpip.dll
0x000007fefb410000 - 0x000007fefb437000 	C:\windows\system32\IPHLPAPI.DLL
0x000007fefb400000 - 0x000007fefb40b000 	C:\windows\system32\WINNSI.DLL
0x000007fefa360000 - 0x000007fefa368000 	C:\windows\system32\rasadhlp.dll
0x000007fefb1e0000 - 0x000007fefb233000 	C:\windows\System32\fwpuclnt.dll
0x0000000072640000 - 0x000000007264d000 	C:\Program Files\Java\jdk1.8.0_45-x64\jre\bin\management.dll
0x000007fefd180000 - 0x000007fefd198000 	C:\windows\system32\CRYPTSP.dll
0x000007fefce80000 - 0x000007fefcec7000 	C:\windows\system32\rsaenh.dll
0x000007fefdcc0000 - 0x000007fefdcde000 	C:\windows\system32\USERENV.dll
0x000007fefd820000 - 0x000007fefd82f000 	C:\windows\system32\CRYPTBASE.dll
0x000007fefaf50000 - 0x000007fefaf61000 	C:\windows\system32\dhcpcsvc6.DLL
0x000007fefaf30000 - 0x000007fefaf48000 	C:\windows\system32\dhcpcsvc.DLL
0x0000000077f40000 - 0x0000000077f51000 	C:\Program Files\Java\jdk1.8.0_45-x64\jre\bin\nio.dll
0x000007fefb640000 - 0x000007fefb650000 	C:\Users\anderson.araujo\AppData\Local\Temp\javasysmon65132312795077766382.dll
0x000007fefd7c0000 - 0x000007fefd817000 	C:\windows\system32\apphelp.dll
0x0000000180000000 - 0x0000000180038000 	C:\Users\anderson.araujo\AppData\Local\Temp\jna-4731850\jna1564636100804257303.dll
0x000000006ffa0000 - 0x000000006ffc4000 	C:\Program Files\Java\jdk1.8.0_45-x64\jre\bin\sunec.dll
0x00000000669c0000 - 0x00000000669cb000 	C:\Program Files\Java\jdk1.8.0_45-x64\jre\bin\sunmscapi.dll
0x000007fefd9f0000 - 0x000007fefdb5d000 	C:\windows\system32\CRYPT32.dll
0x000007fefd980000 - 0x000007fefd98f000 	C:\windows\system32\MSASN1.dll
0x000007feef920000 - 0x000007feefa45000 	C:\windows\system32\dbghelp.dll

VM Arguments:
jvm_args: -Dmaven.multiModuleProjectDirectory=$M2_HOME -Dfile.encoding=UTF-8 
java_command: org.eclipse.jdt.internal.junit.runner.RemoteTestRunner -version 3 -port 61501 -testLoaderClass org.eclipse.jdt.internal.junit4.runner.JUnit4TestLoader -loaderpluginname org.eclipse.jdt.junit4.runtime -classNames br.jus.stf.processamentoinicial.distribuicao.interfaces.ConsultaProcessosIntegrationTests
java_class_path (initial): C:\desenvolvimento\workspaces\stfdigital\target\test-classes;C:\desenvolvimento\workspaces\stfdigital\target\classes;C:\desenvolvimento\ferramentas\repository\javax\activation\activation\1.1\activation-1.1.jar;C:\desenvolvimento\ferramentas\repository\javax\validation\validation-api\1.1.0.Final\validation-api-1.1.0.Final.jar;C:\desenvolvimento\ferramentas\repository\javax\transaction\javax.transaction-api\1.2\javax.transaction-api-1.2.jar;C:\desenvolvimento\ferramentas\repository\org\activiti\activiti-spring\5.18.0\activiti-spring-5.18.0.jar;C:\desenvolvimento\ferramentas\repository\org\activiti\activiti-engine\5.18.0\activiti-engine-5.18.0.jar;C:\desenvolvimento\ferramentas\repository\org\activiti\activiti-bpmn-converter\5.18.0\activiti-bpmn-converter-5.18.0.jar;C:\desenvolvimento\ferramentas\repository\org\activiti\activiti-bpmn-model\5.18.0\activiti-bpmn-model-5.18.0.jar;C:\desenvolvimento\ferramentas\repository\org\apache\commons\commons-lang3\3.3.2\commons-lang3-3.3.2.jar;C:\desenvolvimento\ferramentas\repository\com\fasterxml\jackson\core\jackson-core\2.4.6\jackson-core-2.4.6.jar;C:\desenvolvimento\ferramentas\repository\com\fasterxml\jackson\core\jackson-databind\2.4.6\jackson-databind-2.4.6.jar;C:\desenvolvimento\ferramentas\repository\com\fasterxml\jackson\core\jackson-annotations\2.4.6\jackson-annotations-2.4.6.jar;C:\desenvolvimento\ferramentas\repository\org\slf4j\slf4j-api\1.7.12\slf4j-api-1.7.12.jar;C:\desenvolvimento\ferramentas\repository\org\slf4j\jcl-over-slf4j\1.7.12\jcl-over-slf4j-1.7.12.jar;C:\desenvolvimento\ferramentas\repository\joda-time\joda-time\2.5\joda-time-2.5.jar;C:\desenvolvimento\ferramentas\repository\org\activiti\activiti-process-validation\5.18.0\activiti-process-validation-5.18.0.jar;C:\desenvolvimento\ferramentas\repository\org\activiti\activiti-image-generator\5.18.0\activiti-image-generator-5.18.0.jar;C:\desenvolvimento\ferramentas\repository\org\apache\commons\commons-email\1.4\commons-email-1.4.j
Launcher Type: SUN_STANDARD

Environment Variables:
JAVA_HOME=C:\Program Files\Java\jdk1.8.0_45-x64
JRE_HOME=C:\Program Files\Java\jdk1.8.0_45-x64\jre
CLASSPATH=C:\Program Files\Java\jdk1.8.0_45-x64\jre\axbridge\lib\assembla-1.0.jar;C:\Program Files\Java\jdk1.8.0_45-x64\jre\axbridge\lib\pkcs-signed.jar
PATH=C:/Program Files/Java/jdk1.8.0_45-x64/bin/../jre/bin/server;C:/Program Files/Java/jdk1.8.0_45-x64/bin/../jre/bin;C:/Program Files/Java/jdk1.8.0_45-x64/bin/../jre/lib/amd64;C:\Program Files\Java\jdk1.8.0_45-x64\bin\;C:\Program Files\Python 3.5\Scripts\;C:\Program Files\Python 3.5\;C:\Program Files (x86)\Intel\iCLS Client\;C:\Program Files\Intel\iCLS Client\;C:\oracle\product\11.2.0\client\bin;C:\windows\system32;C:\windows;C:\windows\system32\wbem;C:\windows\system32\windowspowershell\v1.0\;C:\Program Files\Java\jdk1.8.0_45-x64\jre\bin;C:\Program Files\Aladdin\eToken\PKIClient\x32;C:\Program Files\Aladdin\eToken\PKIClient\x64;C:\Program Files\LibreOffice 3\program;C:\Program Files (x86)\STFOffice-BrOo-2.4.0\program;C:\SEARCH\bin;C:\SEARCH\CLIENT;C:\Program Files\SourceGear\Common\DiffMerge\;C:\Program Files (x86)\Git\cmd;C:\HashiCorp\Vagrant\bin;C:\sdk\tools\maven\apache-maven-2.2.1\bin;C:\sdk\tools\apache-ant-1.8.2-bin\bin;C:\sdk\tools\jad;C:\Program Files\TortoiseSVN\bin;C:\Program Files\Puppet Labs\Puppet Enterprise\bin;C:\Program Files\Intel\Intel(R) Management Engine Components\DAL;C:\Program Files\Intel\Intel(R) Management Engine Components\IPT;C:\Program Files (x86)\Intel\Intel(R) Management Engine Components\DAL;C:\Program Files (x86)\Intel\Intel(R) Management Engine Components\IPT;C:\Program Files (x86)\Enterprise Vault\EVClient\;C:\desenvolvimento\ferramentas\apache-maven-3.3.3\bin;C:\Program Files\nodejs\;C:\windows\system32\config\systemprofile\.dnx\bin;C:\Program Files\Microsoft DNX\Dnvm\;C:\Users\anderson.araujo\AppData\Roaming\npm;C:\desenvolvimento\ides\sts-bundle\sts-3.6.3.RELEASE;
USERNAME=Anderson.Araujo
OS=Windows_NT
PROCESSOR_IDENTIFIER=Intel64 Family 6 Model 60 Stepping 3, GenuineIntel



---------------  S Y S T E M  ---------------

OS: Windows 7 , 64 bit Build 7601 (6.1.7601.19018)

CPU:total 4 (4 cores per cpu, 1 threads per core) family 6 model 60 stepping 3, cmov, cx8, fxsr, mmx, sse, sse2, sse3, ssse3, sse4.1, sse4.2, popcnt, avx, avx2, aes, clmul, erms, rtm, lzcnt, tsc, tscinvbit, bmi1, bmi2

Memory: 4k page, physical 8261516k(513144k free), swap 16521196k(8327556k free)

vm_info: Java HotSpot(TM) 64-Bit Server VM (25.45-b02) for windows-amd64 JRE (1.8.0_45-b15), built on Apr 30 2015 12:40:44 by "java_re" with MS VC++ 10.0 (VS2010)

time: Mon Dec 14 17:11:59 2015
elapsed time: 26 seconds (0d 0h 0m 26s)

