#
# A fatal error has been detected by the Java Runtime Environment:
#
#  EXCEPTION_ACCESS_VIOLATION (0xc0000005) at pc=0x000007fefb9120f5, pid=8240, tid=9476
#
# JRE version: Java(TM) SE Runtime Environment (8.0_45-b15) (build 1.8.0_45-b15)
# Java VM: Java HotSpot(TM) 64-Bit Server VM (25.45-b02 mixed mode windows-amd64 compressed oops)
# Problematic frame:
# C  [javasysmon67127099429931829553.dll+0x20f5]
#
# Failed to write core dump. Minidumps are not enabled by default on client versions of Windows
#
# If you would like to submit a bug report, please visit:
#   http://bugreport.java.com/bugreport/crash.jsp
# The crash happened outside the Java Virtual Machine in native code.
# See problematic frame for where to report the bug.
#

---------------  T H R E A D  ---------------

Current thread (0x000000001c1bb800):  JavaThread "localhost-startStop-1" daemon [_thread_in_native, id=9476, stack(0x0000000021e80000,0x0000000021f80000)]

siginfo: ExceptionCode=0xc0000005, reading address 0x000000001e21d0a0

Registers:
RAX=0x0000000000000001, RBX=0x0000000000000624, RCX=0x0000000021f78220, RDX=0xfffffffffc2a4e80
RSP=0x0000000021f76d88, RBP=0x0000000021f76e90, RSI=0x000000001e21cfa0, RDI=0x0000000000000000
R8 =0x0000000000000104, R9 =0x000000000000005a, R10=0x000000000000002d, R11=0x0000000021f78120
R12=0x0000000000000000, R13=0x0000000000000000, R14=0x000000001c1bb9f8, R15=0x0000000000000037
RIP=0x000007fefb9120f5, EFLAGS=0x0000000000010202

Top of Stack: (sp=0x0000000021f76d88)
0x0000000021f76d88:   000007fefb911833 0000000000000624
0x0000000021f76d98:   0000000021f76e90 000000001e2112f0
0x0000000021f76da8:   0000000000000000 0000000000000eec
0x0000000021f76db8:   000000001cf16370 000000001cf16368
0x0000000021f76dc8:   000000001cf16360 00000000000003d6
0x0000000021f76dd8:   00000000000000ab 00000000004d9000
0x0000000021f76de8:   000000000102c000 000003a800000028
0x0000000021f76df8:   0000000000000037 000000001c1bb9f8
0x0000000021f76e08:   0000000000000069 0000000000000628
0x0000000021f76e18:   000000001cf16358 0000000000000634
0x0000000021f76e28:   0000000000000000 00000000001a2f2b
0x0000000021f76e38:   0000000021f770ec 000000000095f6df
0x0000000021f76e48:   000000001884c8f8 00000000001a2f2b
0x0000000021f76e58:   000000000095f6df 000000001e21cfa0
0x0000000021f76e68:   0000000000400000 000000001e2112f0
0x0000000021f76e78:   0000000000000001 0000000000000000 

Instructions: (pc=0x000007fefb9120f5)
0x000007fefb9120d5:   c8 88 01 f6 c1 02 74 0f 48 83 e9 02 66 8b 04 0a
0x000007fefb9120e5:   49 83 e8 02 66 89 01 f6 c1 04 74 0d 48 83 e9 04
0x000007fefb9120f5:   8b 04 0a 49 83 e8 04 89 01 4d 8b c8 49 c1 e9 05
0x000007fefb912105:   75 50 4d 8b c8 49 c1 e9 03 74 14 48 83 e9 08 48 


Register to memory mapping:

RAX=0x0000000000000001 is an unknown value
RBX=0x0000000000000624 is an unknown value
RCX=0x0000000021f78220 is pointing into the stack for thread: 0x000000001c1bb800
RDX=0xfffffffffc2a4e80 is an unknown value
RSP=0x0000000021f76d88 is pointing into the stack for thread: 0x000000001c1bb800
RBP=0x0000000021f76e90 is pointing into the stack for thread: 0x000000001c1bb800
RSI=0x000000001e21cfa0 is an unknown value
RDI=0x0000000000000000 is an unknown value
R8 =0x0000000000000104 is an unknown value
R9 =0x000000000000005a is an unknown value
R10=0x000000000000002d is an unknown value
R11=0x0000000021f78120 is pointing into the stack for thread: 0x000000001c1bb800
R12=0x0000000000000000 is an unknown value
R13=0x0000000000000000 is an unknown value
R14=0x000000001c1bb9f8 is an unknown value
R15=0x0000000000000037 is an unknown value


Stack: [0x0000000021e80000,0x0000000021f80000],  sp=0x0000000021f76d88,  free space=987k
Native frames: (J=compiled Java code, j=interpreted, Vv=VM code, C=native code)
C  [javasysmon67127099429931829553.dll+0x20f5]
C  [javasysmon67127099429931829553.dll+0x1833]
C  0x00000000026d5e34

Java frames: (J=compiled Java code, j=interpreted, Vv=VM code)
j  com.jezhumble.javasysmon.WindowsMonitor.processTable()[Lcom/jezhumble/javasysmon/ProcessInfo;+0
j  com.jezhumble.javasysmon.JavaSysMon.processTable()[Lcom/jezhumble/javasysmon/ProcessInfo;+3
j  br.jus.stf.plataforma.documentos.infra.configuration.LocalMongoCleaner.killExtracted()V+9
j  br.jus.stf.plataforma.documentos.infra.configuration.MongoMemoryConfiguration.factory()Lde/flapdoodle/embed/mongo/tests/MongodForTestsFactory;+7
j  br.jus.stf.plataforma.documentos.infra.configuration.MongoMemoryConfiguration.mongo()Lcom/mongodb/Mongo;+1
j  org.springframework.data.mongodb.config.AbstractMongoConfiguration.mongoDbFactory()Lorg/springframework/data/mongodb/MongoDbFactory;+5
j  br.jus.stf.plataforma.documentos.infra.configuration.MongoMemoryConfiguration$$EnhancerBySpringCGLIB$$933828a0.CGLIB$mongoDbFactory$14()Lorg/springframework/data/mongodb/MongoDbFactory;+1
j  br.jus.stf.plataforma.documentos.infra.configuration.MongoMemoryConfiguration$$EnhancerBySpringCGLIB$$933828a0$$FastClassBySpringCGLIB$$4c7d54fd.invoke(ILjava/lang/Object;[Ljava/lang/Object;)Ljava/lang/Object;+216
j  org.springframework.cglib.proxy.MethodProxy.invokeSuper(Ljava/lang/Object;[Ljava/lang/Object;)Ljava/lang/Object;+19
j  org.springframework.context.annotation.ConfigurationClassEnhancer$BeanMethodInterceptor.intercept(Ljava/lang/Object;Ljava/lang/reflect/Method;[Ljava/lang/Object;Lorg/springframework/cglib/proxy/MethodProxy;)Ljava/lang/Object;+217
j  br.jus.stf.plataforma.documentos.infra.configuration.MongoMemoryConfiguration$$EnhancerBySpringCGLIB$$933828a0.mongoDbFactory()Lorg/springframework/data/mongodb/MongoDbFactory;+31
v  ~StubRoutines::call_stub
J 1507  sun.reflect.NativeMethodAccessorImpl.invoke0(Ljava/lang/reflect/Method;Ljava/lang/Object;[Ljava/lang/Object;)Ljava/lang/Object; (0 bytes) @ 0x0000000002c573ff [0x0000000002c57380+0x7f]
J 1506 C1 sun.reflect.NativeMethodAccessorImpl.invoke(Ljava/lang/Object;[Ljava/lang/Object;)Ljava/lang/Object; (104 bytes) @ 0x0000000002c58a24 [0x0000000002c57880+0x11a4]
J 7637 C2 java.lang.reflect.Method.invoke(Ljava/lang/Object;[Ljava/lang/Object;)Ljava/lang/Object; (62 bytes) @ 0x0000000002887430 [0x0000000002887380+0xb0]
j  org.springframework.beans.factory.support.SimpleInstantiationStrategy.instantiate(Lorg/springframework/beans/factory/support/RootBeanDefinition;Ljava/lang/String;Lorg/springframework/beans/factory/BeanFactory;Ljava/lang/Object;Ljava/lang/reflect/Method;[Ljava/lang/Object;)Ljava/lang/Object;+53
J 10837 C1 org.springframework.beans.factory.support.ConstructorResolver.instantiateUsingFactoryMethod(Ljava/lang/String;Lorg/springframework/beans/factory/support/RootBeanDefinition;[Ljava/lang/Object;)Lorg/springframework/beans/BeanWrapper; (1487 bytes) @ 0x000000000452d92c [0x0000000004523020+0xa90c]
J 8529 C1 org.springframework.beans.factory.support.AbstractAutowireCapableBeanFactory.createBeanInstance(Ljava/lang/String;Lorg/springframework/beans/factory/support/RootBeanDefinition;[Ljava/lang/Object;)Lorg/springframework/beans/BeanWrapper; (213 bytes) @ 0x0000000003db3c94 [0x0000000003db20a0+0x1bf4]
J 8833 C1 org.springframework.beans.factory.support.AbstractAutowireCapableBeanFactory.doCreateBean(Ljava/lang/String;Lorg/springframework/beans/factory/support/RootBeanDefinition;[Ljava/lang/Object;)Ljava/lang/Object; (512 bytes) @ 0x0000000002e35414 [0x0000000002e34de0+0x634]
J 8832 C1 org.springframework.beans.factory.support.AbstractAutowireCapableBeanFactory.createBean(Ljava/lang/String;Lorg/springframework/beans/factory/support/RootBeanDefinition;[Ljava/lang/Object;)Ljava/lang/Object; (177 bytes) @ 0x0000000002dfd32c [0x0000000002dfc780+0xbac]
J 8836 C1 org.springframework.beans.factory.support.AbstractBeanFactory$1.getObject()Ljava/lang/Object; (34 bytes) @ 0x0000000002c1e3dc [0x0000000002c1e2c0+0x11c]
j  org.springframework.beans.factory.support.DefaultSingletonBeanRegistry.getSingleton(Ljava/lang/String;Lorg/springframework/beans/factory/ObjectFactory;)Ljava/lang/Object;+132
J 2574 C1 org.springframework.beans.factory.support.AbstractBeanFactory.doGetBean(Ljava/lang/String;Ljava/lang/Class;[Ljava/lang/Object;Z)Ljava/lang/Object; (732 bytes) @ 0x000000000307d5cc [0x000000000307b900+0x1ccc]
J 7728 C1 org.springframework.beans.factory.support.AbstractBeanFactory.getBean(Ljava/lang/String;)Ljava/lang/Object; (9 bytes) @ 0x0000000002db0614 [0x0000000002db0500+0x114]
j  org.springframework.context.annotation.ConfigurationClassEnhancer$BeanMethodInterceptor.intercept(Ljava/lang/Object;Ljava/lang/reflect/Method;[Ljava/lang/Object;Lorg/springframework/cglib/proxy/MethodProxy;)Ljava/lang/Object;+271
j  br.jus.stf.plataforma.documentos.infra.configuration.MongoMemoryConfiguration$$EnhancerBySpringCGLIB$$933828a0.mongoDbFactory()Lorg/springframework/data/mongodb/MongoDbFactory;+31
j  br.jus.stf.plataforma.documentos.infra.configuration.MongoMemoryConfiguration.gridFsTemplate()Lorg/springframework/data/mongodb/gridfs/GridFsTemplate;+5
j  br.jus.stf.plataforma.documentos.infra.configuration.MongoMemoryConfiguration$$EnhancerBySpringCGLIB$$933828a0.CGLIB$gridFsTemplate$1()Lorg/springframework/data/mongodb/gridfs/GridFsTemplate;+1
j  br.jus.stf.plataforma.documentos.infra.configuration.MongoMemoryConfiguration$$EnhancerBySpringCGLIB$$933828a0$$FastClassBySpringCGLIB$$4c7d54fd.invoke(ILjava/lang/Object;[Ljava/lang/Object;)Ljava/lang/Object;+196
j  org.springframework.cglib.proxy.MethodProxy.invokeSuper(Ljava/lang/Object;[Ljava/lang/Object;)Ljava/lang/Object;+19
j  org.springframework.context.annotation.ConfigurationClassEnhancer$BeanMethodInterceptor.intercept(Ljava/lang/Object;Ljava/lang/reflect/Method;[Ljava/lang/Object;Lorg/springframework/cglib/proxy/MethodProxy;)Ljava/lang/Object;+217
j  br.jus.stf.plataforma.documentos.infra.configuration.MongoMemoryConfiguration$$EnhancerBySpringCGLIB$$933828a0.gridFsTemplate()Lorg/springframework/data/mongodb/gridfs/GridFsTemplate;+31
v  ~StubRoutines::call_stub
J 1507  sun.reflect.NativeMethodAccessorImpl.invoke0(Ljava/lang/reflect/Method;Ljava/lang/Object;[Ljava/lang/Object;)Ljava/lang/Object; (0 bytes) @ 0x0000000002c573ff [0x0000000002c57380+0x7f]
J 1506 C1 sun.reflect.NativeMethodAccessorImpl.invoke(Ljava/lang/Object;[Ljava/lang/Object;)Ljava/lang/Object; (104 bytes) @ 0x0000000002c58a24 [0x0000000002c57880+0x11a4]
J 7637 C2 java.lang.reflect.Method.invoke(Ljava/lang/Object;[Ljava/lang/Object;)Ljava/lang/Object; (62 bytes) @ 0x0000000002887430 [0x0000000002887380+0xb0]
j  org.springframework.beans.factory.support.SimpleInstantiationStrategy.instantiate(Lorg/springframework/beans/factory/support/RootBeanDefinition;Ljava/lang/String;Lorg/springframework/beans/factory/BeanFactory;Ljava/lang/Object;Ljava/lang/reflect/Method;[Ljava/lang/Object;)Ljava/lang/Object;+53
J 10837 C1 org.springframework.beans.factory.support.ConstructorResolver.instantiateUsingFactoryMethod(Ljava/lang/String;Lorg/springframework/beans/factory/support/RootBeanDefinition;[Ljava/lang/Object;)Lorg/springframework/beans/BeanWrapper; (1487 bytes) @ 0x000000000452d92c [0x0000000004523020+0xa90c]
J 8529 C1 org.springframework.beans.factory.support.AbstractAutowireCapableBeanFactory.createBeanInstance(Ljava/lang/String;Lorg/springframework/beans/factory/support/RootBeanDefinition;[Ljava/lang/Object;)Lorg/springframework/beans/BeanWrapper; (213 bytes) @ 0x0000000003db3c94 [0x0000000003db20a0+0x1bf4]
J 8833 C1 org.springframework.beans.factory.support.AbstractAutowireCapableBeanFactory.doCreateBean(Ljava/lang/String;Lorg/springframework/beans/factory/support/RootBeanDefinition;[Ljava/lang/Object;)Ljava/lang/Object; (512 bytes) @ 0x0000000002e35414 [0x0000000002e34de0+0x634]
J 8832 C1 org.springframework.beans.factory.support.AbstractAutowireCapableBeanFactory.createBean(Ljava/lang/String;Lorg/springframework/beans/factory/support/RootBeanDefinition;[Ljava/lang/Object;)Ljava/lang/Object; (177 bytes) @ 0x0000000002dfd32c [0x0000000002dfc780+0xbac]
J 8836 C1 org.springframework.beans.factory.support.AbstractBeanFactory$1.getObject()Ljava/lang/Object; (34 bytes) @ 0x0000000002c1e3dc [0x0000000002c1e2c0+0x11c]
j  org.springframework.beans.factory.support.DefaultSingletonBeanRegistry.getSingleton(Ljava/lang/String;Lorg/springframework/beans/factory/ObjectFactory;)Ljava/lang/Object;+132
J 2574 C1 org.springframework.beans.factory.support.AbstractBeanFactory.doGetBean(Ljava/lang/String;Ljava/lang/Class;[Ljava/lang/Object;Z)Ljava/lang/Object; (732 bytes) @ 0x000000000307d5cc [0x000000000307b900+0x1ccc]
J 10426 C1 org.springframework.beans.factory.support.DefaultListableBeanFactory.findAutowireCandidates(Ljava/lang/String;Ljava/lang/Class;Lorg/springframework/beans/factory/config/DependencyDescriptor;)Ljava/util/Map; (277 bytes) @ 0x000000000437f41c [0x000000000437e4a0+0xf7c]
j  org.springframework.beans.factory.support.DefaultListableBeanFactory.doResolveDependency(Lorg/springframework/beans/factory/config/DependencyDescriptor;Ljava/lang/String;Ljava/util/Set;Lorg/springframework/beans/TypeConverter;)Ljava/lang/Object;+803
J 10429 C1 org.springframework.beans.factory.support.DefaultListableBeanFactory.resolveDependency(Lorg/springframework/beans/factory/config/DependencyDescriptor;Ljava/lang/String;Ljava/util/Set;Lorg/springframework/beans/TypeConverter;)Ljava/lang/Object; (119 bytes) @ 0x0000000004394094 [0x0000000004393620+0xa74]
J 11321 C1 org.springframework.beans.factory.annotation.AutowiredAnnotationBeanPostProcessor$AutowiredFieldElement.inject(Ljava/lang/Object;Ljava/lang/String;Lorg/springframework/beans/PropertyValues;)V (303 bytes) @ 0x0000000004132554 [0x0000000004131560+0xff4]
J 7439 C1 org.springframework.beans.factory.annotation.InjectionMetadata.inject(Ljava/lang/Object;Ljava/lang/String;Lorg/springframework/beans/PropertyValues;)V (125 bytes) @ 0x00000000031b9a7c [0x00000000031b8880+0x11fc]
J 10902 C1 org.springframework.beans.factory.annotation.AutowiredAnnotationBeanPostProcessor.postProcessPropertyValues(Lorg/springframework/beans/PropertyValues;[Ljava/beans/PropertyDescriptor;Ljava/lang/Object;Ljava/lang/String;)Lorg/springframework/beans/PropertyValues; (43 bytes) @ 0x0000000003fff19c [0x0000000003fff020+0x17c]
J 8526 C1 org.springframework.beans.factory.support.AbstractAutowireCapableBeanFactory.populateBean(Ljava/lang/String;Lorg/springframework/beans/factory/support/RootBeanDefinition;Lorg/springframework/beans/BeanWrapper;)V (346 bytes) @ 0x0000000003dafc84 [0x0000000003dadec0+0x1dc4]
J 8833 C1 org.springframework.beans.factory.support.AbstractAutowireCapableBeanFactory.doCreateBean(Ljava/lang/String;Lorg/springframework/beans/factory/support/RootBeanDefinition;[Ljava/lang/Object;)Ljava/lang/Object; (512 bytes) @ 0x0000000002e3689c [0x0000000002e34de0+0x1abc]
J 8832 C1 org.springframework.beans.factory.support.AbstractAutowireCapableBeanFactory.createBean(Ljava/lang/String;Lorg/springframework/beans/factory/support/RootBeanDefinition;[Ljava/lang/Object;)Ljava/lang/Object; (177 bytes) @ 0x0000000002dfd32c [0x0000000002dfc780+0xbac]
J 8836 C1 org.springframework.beans.factory.support.AbstractBeanFactory$1.getObject()Ljava/lang/Object; (34 bytes) @ 0x0000000002c1e3dc [0x0000000002c1e2c0+0x11c]
j  org.springframework.beans.factory.support.DefaultSingletonBeanRegistry.getSingleton(Ljava/lang/String;Lorg/springframework/beans/factory/ObjectFactory;)Ljava/lang/Object;+132
J 2574 C1 org.springframework.beans.factory.support.AbstractBeanFactory.doGetBean(Ljava/lang/String;Ljava/lang/Class;[Ljava/lang/Object;Z)Ljava/lang/Object; (732 bytes) @ 0x000000000307d5cc [0x000000000307b900+0x1ccc]
J 10426 C1 org.springframework.beans.factory.support.DefaultListableBeanFactory.findAutowireCandidates(Ljava/lang/String;Ljava/lang/Class;Lorg/springframework/beans/factory/config/DependencyDescriptor;)Ljava/util/Map; (277 bytes) @ 0x000000000437f41c [0x000000000437e4a0+0xf7c]
j  org.springframework.beans.factory.support.DefaultListableBeanFactory.doResolveDependency(Lorg/springframework/beans/factory/config/DependencyDescriptor;Ljava/lang/String;Ljava/util/Set;Lorg/springframework/beans/TypeConverter;)Ljava/lang/Object;+407
J 10429 C1 org.springframework.beans.factory.support.DefaultListableBeanFactory.resolveDependency(Lorg/springframework/beans/factory/config/DependencyDescriptor;Ljava/lang/String;Ljava/util/Set;Lorg/springframework/beans/TypeConverter;)Ljava/lang/Object; (119 bytes) @ 0x0000000004394094 [0x0000000004393620+0xa74]
j  org.springframework.beans.factory.annotation.AutowiredAnnotationBeanPostProcessor$AutowiredMethodElement.inject(Ljava/lang/Object;Ljava/lang/String;Lorg/springframework/beans/PropertyValues;)V+153
J 7439 C1 org.springframework.beans.factory.annotation.InjectionMetadata.inject(Ljava/lang/Object;Ljava/lang/String;Lorg/springframework/beans/PropertyValues;)V (125 bytes) @ 0x00000000031b9a7c [0x00000000031b8880+0x11fc]
J 10902 C1 org.springframework.beans.factory.annotation.AutowiredAnnotationBeanPostProcessor.postProcessPropertyValues(Lorg/springframework/beans/PropertyValues;[Ljava/beans/PropertyDescriptor;Ljava/lang/Object;Ljava/lang/String;)Lorg/springframework/beans/PropertyValues; (43 bytes) @ 0x0000000003fff19c [0x0000000003fff020+0x17c]
J 8526 C1 org.springframework.beans.factory.support.AbstractAutowireCapableBeanFactory.populateBean(Ljava/lang/String;Lorg/springframework/beans/factory/support/RootBeanDefinition;Lorg/springframework/beans/BeanWrapper;)V (346 bytes) @ 0x0000000003dafc84 [0x0000000003dadec0+0x1dc4]
J 8833 C1 org.springframework.beans.factory.support.AbstractAutowireCapableBeanFactory.doCreateBean(Ljava/lang/String;Lorg/springframework/beans/factory/support/RootBeanDefinition;[Ljava/lang/Object;)Ljava/lang/Object; (512 bytes) @ 0x0000000002e3689c [0x0000000002e34de0+0x1abc]
J 8832 C1 org.springframework.beans.factory.support.AbstractAutowireCapableBeanFactory.createBean(Ljava/lang/String;Lorg/springframework/beans/factory/support/RootBeanDefinition;[Ljava/lang/Object;)Ljava/lang/Object; (177 bytes) @ 0x0000000002dfd32c [0x0000000002dfc780+0xbac]
J 8836 C1 org.springframework.beans.factory.support.AbstractBeanFactory$1.getObject()Ljava/lang/Object; (34 bytes) @ 0x0000000002c1e3dc [0x0000000002c1e2c0+0x11c]
j  org.springframework.beans.factory.support.DefaultSingletonBeanRegistry.getSingleton(Ljava/lang/String;Lorg/springframework/beans/factory/ObjectFactory;)Ljava/lang/Object;+132
J 2574 C1 org.springframework.beans.factory.support.AbstractBeanFactory.doGetBean(Ljava/lang/String;Ljava/lang/Class;[Ljava/lang/Object;Z)Ljava/lang/Object; (732 bytes) @ 0x000000000307d5cc [0x000000000307b900+0x1ccc]
J 10837 C1 org.springframework.beans.factory.support.ConstructorResolver.instantiateUsingFactoryMethod(Ljava/lang/String;Lorg/springframework/beans/factory/support/RootBeanDefinition;[Ljava/lang/Object;)Lorg/springframework/beans/BeanWrapper; (1487 bytes) @ 0x00000000045239dc [0x0000000004523020+0x9bc]
J 8529 C1 org.springframework.beans.factory.support.AbstractAutowireCapableBeanFactory.createBeanInstance(Ljava/lang/String;Lorg/springframework/beans/factory/support/RootBeanDefinition;[Ljava/lang/Object;)Lorg/springframework/beans/BeanWrapper; (213 bytes) @ 0x0000000003db3c94 [0x0000000003db20a0+0x1bf4]
J 8833 C1 org.springframework.beans.factory.support.AbstractAutowireCapableBeanFactory.doCreateBean(Ljava/lang/String;Lorg/springframework/beans/factory/support/RootBeanDefinition;[Ljava/lang/Object;)Ljava/lang/Object; (512 bytes) @ 0x0000000002e35414 [0x0000000002e34de0+0x634]
J 8832 C1 org.springframework.beans.factory.support.AbstractAutowireCapableBeanFactory.createBean(Ljava/lang/String;Lorg/springframework/beans/factory/support/RootBeanDefinition;[Ljava/lang/Object;)Ljava/lang/Object; (177 bytes) @ 0x0000000002dfd32c [0x0000000002dfc780+0xbac]
J 8836 C1 org.springframework.beans.factory.support.AbstractBeanFactory$1.getObject()Ljava/lang/Object; (34 bytes) @ 0x0000000002c1e3dc [0x0000000002c1e2c0+0x11c]
j  org.springframework.beans.factory.support.DefaultSingletonBeanRegistry.getSingleton(Ljava/lang/String;Lorg/springframework/beans/factory/ObjectFactory;)Ljava/lang/Object;+132
J 2574 C1 org.springframework.beans.factory.support.AbstractBeanFactory.doGetBean(Ljava/lang/String;Ljava/lang/Class;[Ljava/lang/Object;Z)Ljava/lang/Object; (732 bytes) @ 0x000000000307d5cc [0x000000000307b900+0x1ccc]
J 10426 C1 org.springframework.beans.factory.support.DefaultListableBeanFactory.findAutowireCandidates(Ljava/lang/String;Ljava/lang/Class;Lorg/springframework/beans/factory/config/DependencyDescriptor;)Ljava/util/Map; (277 bytes) @ 0x000000000437f41c [0x000000000437e4a0+0xf7c]
j  org.springframework.beans.factory.support.DefaultListableBeanFactory.doResolveDependency(Lorg/springframework/beans/factory/config/DependencyDescriptor;Ljava/lang/String;Ljava/util/Set;Lorg/springframework/beans/TypeConverter;)Ljava/lang/Object;+803
J 10429 C1 org.springframework.beans.factory.support.DefaultListableBeanFactory.resolveDependency(Lorg/springframework/beans/factory/config/DependencyDescriptor;Ljava/lang/String;Ljava/util/Set;Lorg/springframework/beans/TypeConverter;)Ljava/lang/Object; (119 bytes) @ 0x0000000004394094 [0x0000000004393620+0xa74]
j  org.springframework.beans.factory.annotation.AutowiredAnnotationBeanPostProcessor$AutowiredMethodElement.inject(Ljava/lang/Object;Ljava/lang/String;Lorg/springframework/beans/PropertyValues;)V+153
J 7439 C1 org.springframework.beans.factory.annotation.InjectionMetadata.inject(Ljava/lang/Object;Ljava/lang/String;Lorg/springframework/beans/PropertyValues;)V (125 bytes) @ 0x00000000031b9a7c [0x00000000031b8880+0x11fc]
J 10902 C1 org.springframework.beans.factory.annotation.AutowiredAnnotationBeanPostProcessor.postProcessPropertyValues(Lorg/springframework/beans/PropertyValues;[Ljava/beans/PropertyDescriptor;Ljava/lang/Object;Ljava/lang/String;)Lorg/springframework/beans/PropertyValues; (43 bytes) @ 0x0000000003fff19c [0x0000000003fff020+0x17c]
J 8526 C1 org.springframework.beans.factory.support.AbstractAutowireCapableBeanFactory.populateBean(Ljava/lang/String;Lorg/springframework/beans/factory/support/RootBeanDefinition;Lorg/springframework/beans/BeanWrapper;)V (346 bytes) @ 0x0000000003dafc84 [0x0000000003dadec0+0x1dc4]
J 8833 C1 org.springframework.beans.factory.support.AbstractAutowireCapableBeanFactory.doCreateBean(Ljava/lang/String;Lorg/springframework/beans/factory/support/RootBeanDefinition;[Ljava/lang/Object;)Ljava/lang/Object; (512 bytes) @ 0x0000000002e3689c [0x0000000002e34de0+0x1abc]
J 8832 C1 org.springframework.beans.factory.support.AbstractAutowireCapableBeanFactory.createBean(Ljava/lang/String;Lorg/springframework/beans/factory/support/RootBeanDefinition;[Ljava/lang/Object;)Ljava/lang/Object; (177 bytes) @ 0x0000000002dfd32c [0x0000000002dfc780+0xbac]
J 8836 C1 org.springframework.beans.factory.support.AbstractBeanFactory$1.getObject()Ljava/lang/Object; (34 bytes) @ 0x0000000002c1e3dc [0x0000000002c1e2c0+0x11c]
j  org.springframework.beans.factory.support.DefaultSingletonBeanRegistry.getSingleton(Ljava/lang/String;Lorg/springframework/beans/factory/ObjectFactory;)Ljava/lang/Object;+132
J 2574 C1 org.springframework.beans.factory.support.AbstractBeanFactory.doGetBean(Ljava/lang/String;Ljava/lang/Class;[Ljava/lang/Object;Z)Ljava/lang/Object; (732 bytes) @ 0x000000000307d5cc [0x000000000307b900+0x1ccc]
J 10837 C1 org.springframework.beans.factory.support.ConstructorResolver.instantiateUsingFactoryMethod(Ljava/lang/String;Lorg/springframework/beans/factory/support/RootBeanDefinition;[Ljava/lang/Object;)Lorg/springframework/beans/BeanWrapper; (1487 bytes) @ 0x00000000045239dc [0x0000000004523020+0x9bc]
J 8529 C1 org.springframework.beans.factory.support.AbstractAutowireCapableBeanFactory.createBeanInstance(Ljava/lang/String;Lorg/springframework/beans/factory/support/RootBeanDefinition;[Ljava/lang/Object;)Lorg/springframework/beans/BeanWrapper; (213 bytes) @ 0x0000000003db3c94 [0x0000000003db20a0+0x1bf4]
J 8833 C1 org.springframework.beans.factory.support.AbstractAutowireCapableBeanFactory.doCreateBean(Ljava/lang/String;Lorg/springframework/beans/factory/support/RootBeanDefinition;[Ljava/lang/Object;)Ljava/lang/Object; (512 bytes) @ 0x0000000002e35414 [0x0000000002e34de0+0x634]
J 8832 C1 org.springframework.beans.factory.support.AbstractAutowireCapableBeanFactory.createBean(Ljava/lang/String;Lorg/springframework/beans/factory/support/RootBeanDefinition;[Ljava/lang/Object;)Ljava/lang/Object; (177 bytes) @ 0x0000000002dfd32c [0x0000000002dfc780+0xbac]
J 8836 C1 org.springframework.beans.factory.support.AbstractBeanFactory$1.getObject()Ljava/lang/Object; (34 bytes) @ 0x0000000002c1e3dc [0x0000000002c1e2c0+0x11c]
j  org.springframework.beans.factory.support.DefaultSingletonBeanRegistry.getSingleton(Ljava/lang/String;Lorg/springframework/beans/factory/ObjectFactory;)Ljava/lang/Object;+132
J 2574 C1 org.springframework.beans.factory.support.AbstractBeanFactory.doGetBean(Ljava/lang/String;Ljava/lang/Class;[Ljava/lang/Object;Z)Ljava/lang/Object; (732 bytes) @ 0x000000000307d5cc [0x000000000307b900+0x1ccc]
J 2561 C1 org.springframework.beans.factory.support.AbstractBeanFactory.getBean(Ljava/lang/String;Ljava/lang/Class;)Ljava/lang/Object; (9 bytes) @ 0x0000000003060344 [0x0000000003060240+0x104]
j  org.springframework.boot.context.embedded.ServletContextInitializerBeans.getOrderedBeansOfType(Lorg/springframework/beans/factory/ListableBeanFactory;Ljava/lang/Class;)Ljava/util/List;+72
j  org.springframework.boot.context.embedded.ServletContextInitializerBeans.addServletContextInitializerBeans(Lorg/springframework/beans/factory/ListableBeanFactory;)V+5
j  org.springframework.boot.context.embedded.ServletContextInitializerBeans.<init>(Lorg/springframework/beans/factory/ListableBeanFactory;)V+39
j  org.springframework.boot.context.embedded.EmbeddedWebApplicationContext.getServletContextInitializerBeans()Ljava/util/Collection;+8
j  org.springframework.boot.context.embedded.EmbeddedWebApplicationContext.selfInitialize(Ljavax/servlet/ServletContext;)V+40
j  org.springframework.boot.context.embedded.EmbeddedWebApplicationContext.access$000(Lorg/springframework/boot/context/embedded/EmbeddedWebApplicationContext;Ljavax/servlet/ServletContext;)V+2
j  org.springframework.boot.context.embedded.EmbeddedWebApplicationContext$1.onStartup(Ljavax/servlet/ServletContext;)V+5
j  org.springframework.boot.context.embedded.tomcat.TomcatStarter.onStartup(Ljava/util/Set;Ljavax/servlet/ServletContext;)V+28
j  org.apache.catalina.core.StandardContext.startInternal()V+1067
j  org.apache.catalina.util.LifecycleBase.start()V+210
j  org.apache.catalina.core.ContainerBase$StartChild.call()Ljava/lang/Void;+4
j  org.apache.catalina.core.ContainerBase$StartChild.call()Ljava/lang/Object;+1
J 11350 C1 java.util.concurrent.FutureTask.run()V (126 bytes) @ 0x00000000028f9f4c [0x00000000028f9d00+0x24c]
j  java.util.concurrent.ThreadPoolExecutor.runWorker(Ljava/util/concurrent/ThreadPoolExecutor$Worker;)V+95
j  java.util.concurrent.ThreadPoolExecutor$Worker.run()V+5
j  java.lang.Thread.run()V+11
v  ~StubRoutines::call_stub

---------------  P R O C E S S  ---------------

Java Threads: ( => current thread )
=>0x000000001c1bb800 JavaThread "localhost-startStop-1" daemon [_thread_in_native, id=9476, stack(0x0000000021e80000,0x0000000021f80000)]
  0x000000001c1ba800 JavaThread "Tomcat-startStop-1" daemon [_thread_blocked, id=7788, stack(0x000000001e2a0000,0x000000001e3a0000)]
  0x000000001c1be800 JavaThread "MongoCleaner917870627" daemon [_thread_blocked, id=11024, stack(0x00000000225e0000,0x00000000226e0000)]
  0x000000001c1bd800 JavaThread "cluster-1-localhost:61587" daemon [_thread_blocked, id=8976, stack(0x0000000022390000,0x0000000022490000)]
  0x000000001c1bd000 JavaThread "Thread-4" daemon [_thread_in_native, id=5116, stack(0x0000000021fa0000,0x00000000220a0000)]
  0x000000001c1bc000 JavaThread "Thread-3" daemon [_thread_in_native, id=7648, stack(0x0000000021d80000,0x0000000021e80000)]
  0x0000000019b65000 JavaThread "ReaderThread" [_thread_in_native, id=9060, stack(0x0000000019df0000,0x0000000019ef0000)]
  0x000000001743f800 JavaThread "Service Thread" daemon [_thread_blocked, id=9824, stack(0x0000000019060000,0x0000000019160000)]
  0x00000000187c3000 JavaThread "C1 CompilerThread2" daemon [_thread_blocked, id=8220, stack(0x00000000192a0000,0x00000000193a0000)]
  0x00000000187c1800 JavaThread "C2 CompilerThread1" daemon [_thread_blocked, id=4892, stack(0x0000000019160000,0x0000000019260000)]
  0x00000000187bc800 JavaThread "C2 CompilerThread0" daemon [_thread_blocked, id=8764, stack(0x0000000018f00000,0x0000000019000000)]
  0x00000000187b5000 JavaThread "Attach Listener" daemon [_thread_blocked, id=2160, stack(0x0000000018db0000,0x0000000018eb0000)]
  0x00000000187b4800 JavaThread "Signal Dispatcher" daemon [_thread_blocked, id=6048, stack(0x0000000018c00000,0x0000000018d00000)]
  0x00000000173db800 JavaThread "Finalizer" daemon [_thread_blocked, id=1972, stack(0x00000000186b0000,0x00000000187b0000)]
  0x00000000173da800 JavaThread "Reference Handler" daemon [_thread_blocked, id=1484, stack(0x0000000018570000,0x0000000018670000)]
  0x0000000002100800 JavaThread "main" [_thread_blocked, id=7452, stack(0x00000000021d0000,0x00000000022d0000)]

Other Threads:
  0x00000000173d5000 VMThread [stack: 0x0000000018390000,0x0000000018490000] [id=7048]
  0x00000000187f0000 WatcherThread [stack: 0x0000000019490000,0x0000000019590000] [id=9068]

VM state:not at safepoint (normal execution)

VM Mutex/Monitor currently owned by a thread: None

Heap:
 PSYoungGen      total 641024K, used 531548K [0x00000000d5f80000, 0x0000000100000000, 0x0000000100000000)
  eden space 615936K, 86% used [0x00000000d5f80000,0x00000000f66973b0,0x00000000fb900000)
  from space 25088K, 0% used [0x00000000fe780000,0x00000000fe780000,0x0000000100000000)
  to   space 36352K, 0% used [0x00000000fb900000,0x00000000fb900000,0x00000000fdc80000)
 ParOldGen       total 167936K, used 69715K [0x0000000081e00000, 0x000000008c200000, 0x00000000d5f80000)
  object space 167936K, 41% used [0x0000000081e00000,0x0000000086214ff8,0x000000008c200000)
 Metaspace       used 97833K, capacity 98726K, committed 99224K, reserved 1136640K
  class space    used 12485K, capacity 12694K, committed 12712K, reserved 1048576K

Card table byte_map: [0x0000000011a80000,0x0000000011e80000] byte_map_base: 0x0000000011671000

Marking Bits: (ParMarkBitMap*) 0x000000006fd94040
 Begin Bits: [0x0000000012730000, 0x00000000146b8000)
 End Bits:   [0x00000000146b8000, 0x0000000016640000)

Polling page: 0x0000000000110000

CodeCache: size=245760Kb used=32275Kb max_used=32329Kb free=213484Kb
 bounds [0x00000000026c0000, 0x0000000004690000, 0x00000000116c0000]
 total_blobs=10181 nmethods=9486 adapters=605
 compilation: enabled

Compilation events (10 events):
Event: 27.639 Thread 0x00000000187c1800 11795       4       java.util.regex.Pattern::compile (406 bytes)
Event: 27.639 Thread 0x00000000187bc800 11796       4       org.springframework.core.ResolvableType::getGenerics (134 bytes)
Event: 27.644 Thread 0x00000000187bc800 nmethod 11796 0x0000000003061ed0 code [0x0000000003062080, 0x00000000030626a0]
Event: 27.645 Thread 0x00000000187bc800 11797       4       org.springframework.core.env.MapPropertySource::getProperty (14 bytes)
Event: 27.645 Thread 0x00000000187bc800 nmethod 11797 0x0000000002a17190 code [0x0000000002a172e0, 0x0000000002a173d8]
Event: 27.670 Thread 0x00000000187c1800 nmethod 11795 0x0000000003339050 code [0x00000000033392e0, 0x000000000333ae50]
Event: 27.684 Thread 0x00000000187bc800 11798       4       java.util.LinkedList::addAll (182 bytes)
Event: 27.690 Thread 0x00000000187bc800 nmethod 11798 0x0000000002b4e290 code [0x0000000002b4e400, 0x0000000002b4e728]
Event: 27.691 Thread 0x00000000187c1800 11799   !   4       com.sun.proxy.$Proxy18::annotationType (29 bytes)
Event: 27.691 Thread 0x00000000187c1800 nmethod 11799 0x0000000002d7f790 code [0x0000000002d7f8e0, 0x0000000002d7fa28]

GC Heap History (10 events):
Event: 14.967 GC heap before
{Heap before GC invocations=16 (full 3):
 PSYoungGen      total 632320K, used 9194K [0x00000000d5f80000, 0x0000000100000000, 0x0000000100000000)
  eden space 613376K, 0% used [0x00000000d5f80000,0x00000000d5f80000,0x00000000fb680000)
  from space 18944K, 48% used [0x00000000fb680000,0x00000000fbf7ab10,0x00000000fc900000)
  to   space 17920K, 0% used [0x00000000fee80000,0x00000000fee80000,0x0000000100000000)
 ParOldGen       total 74240K, used 38157K [0x0000000081e00000, 0x0000000086680000, 0x00000000d5f80000)
  object space 74240K, 51% used [0x0000000081e00000,0x0000000084343530,0x0000000086680000)
 Metaspace       used 58277K, capacity 58650K, committed 59160K, reserved 1101824K
  class space    used 7385K, capacity 7459K, committed 7464K, reserved 1048576K
Event: 15.289 GC heap after
Heap after GC invocations=16 (full 3):
 PSYoungGen      total 632320K, used 0K [0x00000000d5f80000, 0x0000000100000000, 0x0000000100000000)
  eden space 613376K, 0% used [0x00000000d5f80000,0x00000000d5f80000,0x00000000fb680000)
  from space 18944K, 0% used [0x00000000fb680000,0x00000000fb680000,0x00000000fc900000)
  to   space 17920K, 0% used [0x00000000fee80000,0x00000000fee80000,0x0000000100000000)
 ParOldGen       total 104448K, used 37115K [0x0000000081e00000, 0x0000000088400000, 0x00000000d5f80000)
  object space 104448K, 35% used [0x0000000081e00000,0x000000008423ee20,0x0000000088400000)
 Metaspace       used 58274K, capacity 58644K, committed 59160K, reserved 1101824K
  class space    used 7385K, capacity 7458K, committed 7464K, reserved 1048576K
}
Event: 18.972 GC heap before
{Heap before GC invocations=17 (full 3):
 PSYoungGen      total 632320K, used 613376K [0x00000000d5f80000, 0x0000000100000000, 0x0000000100000000)
  eden space 613376K, 100% used [0x00000000d5f80000,0x00000000fb680000,0x00000000fb680000)
  from space 18944K, 0% used [0x00000000fb680000,0x00000000fb680000,0x00000000fc900000)
  to   space 17920K, 0% used [0x00000000fee80000,0x00000000fee80000,0x0000000100000000)
 ParOldGen       total 104448K, used 37115K [0x0000000081e00000, 0x0000000088400000, 0x00000000d5f80000)
  object space 104448K, 35% used [0x0000000081e00000,0x000000008423ee20,0x0000000088400000)
 Metaspace       used 76616K, capacity 77112K, committed 77848K, reserved 1118208K
  class space    used 9838K, capacity 9930K, committed 10024K, reserved 1048576K
Event: 19.009 GC heap after
Heap after GC invocations=17 (full 3):
 PSYoungGen      total 656384K, used 17905K [0x00000000d5f80000, 0x0000000100000000, 0x0000000100000000)
  eden space 638464K, 0% used [0x00000000d5f80000,0x00000000d5f80000,0x00000000fcf00000)
  from space 17920K, 99% used [0x00000000fee80000,0x00000000ffffc5b0,0x0000000100000000)
  to   space 25088K, 0% used [0x00000000fcf00000,0x00000000fcf00000,0x00000000fe780000)
 ParOldGen       total 104448K, used 49342K [0x0000000081e00000, 0x0000000088400000, 0x00000000d5f80000)
  object space 104448K, 47% used [0x0000000081e00000,0x0000000084e2fbc0,0x0000000088400000)
 Metaspace       used 76616K, capacity 77112K, committed 77848K, reserved 1118208K
  class space    used 9838K, capacity 9930K, committed 10024K, reserved 1048576K
}
Event: 23.210 GC heap before
{Heap before GC invocations=18 (full 3):
 PSYoungGen      total 656384K, used 656369K [0x00000000d5f80000, 0x0000000100000000, 0x0000000100000000)
  eden space 638464K, 100% used [0x00000000d5f80000,0x00000000fcf00000,0x00000000fcf00000)
  from space 17920K, 99% used [0x00000000fee80000,0x00000000ffffc5b0,0x0000000100000000)
  to   space 25088K, 0% used [0x00000000fcf00000,0x00000000fcf00000,0x00000000fe780000)
 ParOldGen       total 104448K, used 49342K [0x0000000081e00000, 0x0000000088400000, 0x00000000d5f80000)
  object space 104448K, 47% used [0x0000000081e00000,0x0000000084e2fbc0,0x0000000088400000)
 Metaspace       used 95586K, capacity 96394K, committed 96920K, reserved 1134592K
  class space    used 12226K, capacity 12401K, committed 12456K, reserved 1048576K
Event: 23.267 GC heap after
Heap after GC invocations=18 (full 3):
 PSYoungGen      total 663552K, used 25080K [0x00000000d5f80000, 0x0000000100000000, 0x0000000100000000)
  eden space 638464K, 0% used [0x00000000d5f80000,0x00000000d5f80000,0x00000000fcf00000)
  from space 25088K, 99% used [0x00000000fcf00000,0x00000000fe77e290,0x00000000fe780000)
  to   space 25088K, 0% used [0x00000000fe780000,0x00000000fe780000,0x0000000100000000)
 ParOldGen       total 104448K, used 71694K [0x0000000081e00000, 0x0000000088400000, 0x00000000d5f80000)
  object space 104448K, 68% used [0x0000000081e00000,0x0000000086403b90,0x0000000088400000)
 Metaspace       used 95586K, capacity 96394K, committed 96920K, reserved 1134592K
  class space    used 12226K, capacity 12401K, committed 12456K, reserved 1048576K
}
Event: 24.053 GC heap before
{Heap before GC invocations=19 (full 3):
 PSYoungGen      total 663552K, used 158382K [0x00000000d5f80000, 0x0000000100000000, 0x0000000100000000)
  eden space 638464K, 20% used [0x00000000d5f80000,0x00000000de1ad8b0,0x00000000fcf00000)
  from space 25088K, 99% used [0x00000000fcf00000,0x00000000fe77e290,0x00000000fe780000)
  to   space 25088K, 0% used [0x00000000fe780000,0x00000000fe780000,0x0000000100000000)
 ParOldGen       total 104448K, used 71694K [0x0000000081e00000, 0x0000000088400000, 0x00000000d5f80000)
  object space 104448K, 68% used [0x0000000081e00000,0x0000000086403b90,0x0000000088400000)
 Metaspace       used 97429K, capacity 98208K, committed 98600K, reserved 1134592K
  class space    used 12446K, capacity 12628K, committed 12712K, reserved 1048576K
Event: 24.093 GC heap after
Heap after GC invocations=19 (full 3):
 PSYoungGen      total 641024K, used 5204K [0x00000000d5f80000, 0x0000000100000000, 0x0000000100000000)
  eden space 615936K, 0% used [0x00000000d5f80000,0x00000000d5f80000,0x00000000fb900000)
  from space 25088K, 20% used [0x00000000fe780000,0x00000000fec951d0,0x0000000100000000)
  to   space 36352K, 0% used [0x00000000fb900000,0x00000000fb900000,0x00000000fdc80000)
 ParOldGen       total 104448K, used 93982K [0x0000000081e00000, 0x0000000088400000, 0x00000000d5f80000)
  object space 104448K, 89% used [0x0000000081e00000,0x00000000879c7a88,0x0000000088400000)
 Metaspace       used 97429K, capacity 98208K, committed 98600K, reserved 1134592K
  class space    used 12446K, capacity 12628K, committed 12712K, reserved 1048576K
}
Event: 24.093 GC heap before
{Heap before GC invocations=20 (full 4):
 PSYoungGen      total 641024K, used 5204K [0x00000000d5f80000, 0x0000000100000000, 0x0000000100000000)
  eden space 615936K, 0% used [0x00000000d5f80000,0x00000000d5f80000,0x00000000fb900000)
  from space 25088K, 20% used [0x00000000fe780000,0x00000000fec951d0,0x0000000100000000)
  to   space 36352K, 0% used [0x00000000fb900000,0x00000000fb900000,0x00000000fdc80000)
 ParOldGen       total 104448K, used 93982K [0x0000000081e00000, 0x0000000088400000, 0x00000000d5f80000)
  object space 104448K, 89% used [0x0000000081e00000,0x00000000879c7a88,0x0000000088400000)
 Metaspace       used 97429K, capacity 98208K, committed 98600K, reserved 1134592K
  class space    used 12446K, capacity 12628K, committed 12712K, reserved 1048576K
Event: 24.380 GC heap after
Heap after GC invocations=20 (full 4):
 PSYoungGen      total 641024K, used 0K [0x00000000d5f80000, 0x0000000100000000, 0x0000000100000000)
  eden space 615936K, 0% used [0x00000000d5f80000,0x00000000d5f80000,0x00000000fb900000)
  from space 25088K, 0% used [0x00000000fe780000,0x00000000fe780000,0x0000000100000000)
  to   space 36352K, 0% used [0x00000000fb900000,0x00000000fb900000,0x00000000fdc80000)
 ParOldGen       total 167936K, used 69715K [0x0000000081e00000, 0x000000008c200000, 0x00000000d5f80000)
  object space 167936K, 41% used [0x0000000081e00000,0x0000000086214ff8,0x000000008c200000)
 Metaspace       used 97388K, capacity 98142K, committed 98600K, reserved 1134592K
  class space    used 12440K, capacity 12617K, committed 12712K, reserved 1048576K
}

Deoptimization events (10 events):
Event: 25.509 Thread 0x0000000002100800 Uncommon trap: reason=unstable_if action=reinterpret pc=0x0000000002bc8908 method=com.sun.org.apache.xerces.internal.impl.XMLDocumentFragmentScannerImpl$FragmentContentDriver.next()I @ 973
Event: 25.516 Thread 0x0000000002100800 Uncommon trap: reason=unstable_if action=reinterpret pc=0x0000000003cfcaec method=java.util.WeakHashMap.get(Ljava/lang/Object;)Ljava/lang/Object; @ 56
Event: 25.518 Thread 0x0000000002100800 Uncommon trap: reason=unstable_if action=reinterpret pc=0x0000000003d3a2ec method=com.sun.beans.WeakCache.get(Ljava/lang/Object;)Ljava/lang/Object; @ 26
Event: 25.547 Thread 0x0000000002100800 Uncommon trap: reason=bimorphic action=maybe_recompile pc=0x0000000002b77c18 method=org.springframework.core.annotation.AnnotatedElementUtils.doProcess(Ljava/lang/reflect/AnnotatedElement;Ljava/lang/String;ZLorg/springframework/core/annotation/AnnotatedEle¹3âòÿ‹9@
Event: 25.547 Thread 0x0000000002100800 Uncommon trap: reason=unstable_if action=reinterpret pc=0x0000000003370a6c method=org.springframework.core.annotation.AnnotatedElementUtils.doProcess(Ljava/lang/reflect/AnnotatedElement;Ljava/lang/String;ZLorg/springframework/core/annotation/AnnotatedEleme¨¶¹Œ9@
Event: 25.547 Thread 0x0000000002100800 Uncommon trap: reason=bimorphic action=maybe_recompile pc=0x0000000002b77c18 method=org.springframework.core.annotation.AnnotatedElementUtils.doProcess(Ljava/lang/reflect/AnnotatedElement;Ljava/lang/String;ZLorg/springframework/core/annotation/AnnotatedEleý†þÓ	Œ9@
Event: 25.547 Thread 0x0000000002100800 Uncommon trap: reason=bimorphic action=maybe_recompile pc=0x0000000002b77c18 method=org.springframework.core.annotation.AnnotatedElementUtils.doProcess(Ljava/lang/reflect/AnnotatedElement;Ljava/lang/String;ZLorg/springframework/core/annotation/AnnotatedEle
Event: 27.144 Thread 0x0000000002100800 Uncommon trap: reason=unstable_if action=reinterpret pc=0x0000000003cb0874 method=org.springframework.core.type.classreading.AnnotationReadingVisitorUtils.convertClassValues(Ljava/lang/ClassLoader;Lorg/springframework/core/annotation/AnnotationAttributes;ZžMw%;@
Event: 27.146 Thread 0x0000000002100800 Uncommon trap: reason=unstable_if action=reinterpret pc=0x0000000004383768 method=org.springframework.beans.factory.support.AbstractBeanFactory.isTypeMatch(Ljava/lang/String;Ljava/lang/Class;)Z @ 326
Event: 27.517 Thread 0x0000000002100800 Uncommon trap: reason=class_check action=maybe_recompile pc=0x0000000002c0b884 method=java.io.FilterInputStream.read()I @ 4

Internal exceptions (10 events):
Event: 26.300 Thread 0x0000000002100800 Exception <a 'java/security/PrivilegedActionException'> (0x00000000e25ab4a0) thrown at [C:\re\workspace\8-2-build-windows-amd64-cygwin\jdk8u45\3627\hotspot\src\share\vm\prims\jvm.cpp, line 1382]
Event: 26.300 Thread 0x0000000002100800 Exception <a 'java/security/PrivilegedActionException'> (0x00000000e25ab978) thrown at [C:\re\workspace\8-2-build-windows-amd64-cygwin\jdk8u45\3627\hotspot\src\share\vm\prims\jvm.cpp, line 1382]
Event: 26.309 Thread 0x0000000002100800 Exception <a 'java/security/PrivilegedActionException'> (0x00000000e2908608) thrown at [C:\re\workspace\8-2-build-windows-amd64-cygwin\jdk8u45\3627\hotspot\src\share\vm\prims\jvm.cpp, line 1382]
Event: 26.309 Thread 0x0000000002100800 Exception <a 'java/security/PrivilegedActionException'> (0x00000000e2908ae0) thrown at [C:\re\workspace\8-2-build-windows-amd64-cygwin\jdk8u45\3627\hotspot\src\share\vm\prims\jvm.cpp, line 1382]
Event: 27.190 Thread 0x0000000002100800 Exception <a 'java/security/PrivilegedActionException'> (0x00000000ee202100) thrown at [C:\re\workspace\8-2-build-windows-amd64-cygwin\jdk8u45\3627\hotspot\src\share\vm\prims\jvm.cpp, line 1382]
Event: 27.190 Thread 0x0000000002100800 Exception <a 'java/security/PrivilegedActionException'> (0x00000000ee202448) thrown at [C:\re\workspace\8-2-build-windows-amd64-cygwin\jdk8u45\3627\hotspot\src\share\vm\prims\jvm.cpp, line 1382]
Event: 27.424 Thread 0x0000000002100800 Exception <a 'java/security/PrivilegedActionException'> (0x00000000f1faf5b8) thrown at [C:\re\workspace\8-2-build-windows-amd64-cygwin\jdk8u45\3627\hotspot\src\share\vm\prims\jvm.cpp, line 1382]
Event: 27.424 Thread 0x0000000002100800 Exception <a 'java/security/PrivilegedActionException'> (0x00000000f1fafa90) thrown at [C:\re\workspace\8-2-build-windows-amd64-cygwin\jdk8u45\3627\hotspot\src\share\vm\prims\jvm.cpp, line 1382]
Event: 27.425 Thread 0x0000000002100800 Exception <a 'java/security/PrivilegedActionException'> (0x00000000f1fbe8f8) thrown at [C:\re\workspace\8-2-build-windows-amd64-cygwin\jdk8u45\3627\hotspot\src\share\vm\prims\jvm.cpp, line 1382]
Event: 27.425 Thread 0x0000000002100800 Exception <a 'java/security/PrivilegedActionException'> (0x00000000f1fbedd0) thrown at [C:\re\workspace\8-2-build-windows-amd64-cygwin\jdk8u45\3627\hotspot\src\share\vm\prims\jvm.cpp, line 1382]

Events (10 events):
Event: 27.619 Executing VM operation: RevokeBias done
Event: 27.626 Thread 0x00000000187c3000 flushing nmethod 0x0000000003061ed0
Event: 27.626 Thread 0x00000000187c3000 flushing nmethod 0x000000000310f090
Event: 27.627 Executing VM operation: RevokeBias
Event: 27.627 Executing VM operation: RevokeBias done
Event: 27.627 Executing VM operation: RevokeBias
Event: 27.627 Executing VM operation: RevokeBias done
Event: 27.632 Thread 0x00000000187bc800 flushing nmethod 0x00000000031c6c10
Event: 27.644 Thread 0x00000000187bc800 flushing nmethod 0x0000000003337050
Event: 27.692 Thread 0x00000000187c1800 flushing nmethod 0x0000000003b1f010


Dynamic libraries:
0x000000013fbf0000 - 0x000000013fc27000 	C:\Program Files\Java\jdk1.8.0_45-x64\bin\javaw.exe
0x0000000077be0000 - 0x0000000077d89000 	C:\windows\SYSTEM32\ntdll.dll
0x0000000077ac0000 - 0x0000000077be0000 	C:\windows\system32\kernel32.dll
0x000007fefdc50000 - 0x000007fefdcbc000 	C:\windows\system32\KERNELBASE.dll
0x0000000075690000 - 0x0000000075718000 	C:\windows\System32\SYSFER.DLL
0x000007fefee20000 - 0x000007fefeefb000 	C:\windows\system32\ADVAPI32.dll
0x000007fefe760000 - 0x000007fefe7ff000 	C:\windows\system32\msvcrt.dll
0x000007fefe880000 - 0x000007fefe89f000 	C:\windows\SYSTEM32\sechost.dll
0x000007fefe8a0000 - 0x000007fefe9cd000 	C:\windows\system32\RPCRT4.dll
0x00000000779c0000 - 0x0000000077aba000 	C:\windows\system32\USER32.dll
0x000007fefe6f0000 - 0x000007fefe757000 	C:\windows\system32\GDI32.dll
0x000007fefe610000 - 0x000007fefe61e000 	C:\windows\system32\LPK.dll
0x000007fefe620000 - 0x000007fefe6e9000 	C:\windows\system32\USP10.dll
0x000007fefc3a0000 - 0x000007fefc594000 	C:\windows\WinSxS\amd64_microsoft.windows.common-controls_6595b64144ccf1df_6.0.7601.18837_none_fa3b1e3d17594757\COMCTL32.dll
0x000007fefe800000 - 0x000007fefe871000 	C:\windows\system32\SHLWAPI.dll
0x000007fefdd40000 - 0x000007fefdd6e000 	C:\windows\system32\IMM32.DLL
0x000007fefdfb0000 - 0x000007fefe0b9000 	C:\windows\system32\MSCTF.dll
0x000000005ff30000 - 0x0000000060002000 	C:\Program Files\Java\jdk1.8.0_45-x64\jre\bin\msvcr100.dll
0x000000006f590000 - 0x000000006fe13000 	C:\Program Files\Java\jdk1.8.0_45-x64\jre\bin\server\jvm.dll
0x000007fef98d0000 - 0x000007fef98d9000 	C:\windows\system32\WSOCK32.dll
0x000007fefe0c0000 - 0x000007fefe10d000 	C:\windows\system32\WS2_32.dll
0x000007feff130000 - 0x000007feff138000 	C:\windows\system32\NSI.dll
0x000007fefaef0000 - 0x000007fefaf2b000 	C:\windows\system32\WINMM.dll
0x000007fefca60000 - 0x000007fefca6c000 	C:\windows\system32\VERSION.dll
0x0000000077da0000 - 0x0000000077da7000 	C:\windows\system32\PSAPI.DLL
0x0000000069550000 - 0x000000006955f000 	C:\Program Files\Java\jdk1.8.0_45-x64\jre\bin\verify.dll
0x0000000050040000 - 0x0000000050069000 	C:\Program Files\Java\jdk1.8.0_45-x64\jre\bin\java.dll
0x0000000050020000 - 0x0000000050036000 	C:\Program Files\Java\jdk1.8.0_45-x64\jre\bin\zip.dll
0x000007feff140000 - 0x000007feffec9000 	C:\windows\system32\SHELL32.dll
0x000007fefe190000 - 0x000007fefe393000 	C:\windows\system32\ole32.dll
0x000007fefd990000 - 0x000007fefd99f000 	C:\windows\system32\profapi.dll
0x0000000050000000 - 0x000000005001a000 	C:\Program Files\Java\jdk1.8.0_45-x64\jre\bin\net.dll
0x000007fefd120000 - 0x000007fefd175000 	C:\windows\system32\mswsock.dll
0x000007fefd110000 - 0x000007fefd117000 	C:\windows\System32\wship6.dll
0x000007fefb6f0000 - 0x000007fefb705000 	C:\windows\system32\NLAapi.dll
0x000007fef9540000 - 0x000007fef9555000 	C:\windows\system32\napinsp.dll
0x000007fef9560000 - 0x000007fef9579000 	C:\windows\system32\pnrpnsp.dll
0x000007fefcfa0000 - 0x000007fefcffb000 	C:\windows\system32\DNSAPI.dll
0x000007fef9530000 - 0x000007fef953b000 	C:\windows\System32\winrnr.dll
0x000007fefcb30000 - 0x000007fefcb37000 	C:\windows\System32\wshtcpip.dll
0x000007fefb410000 - 0x000007fefb437000 	C:\windows\system32\IPHLPAPI.DLL
0x000007fefb400000 - 0x000007fefb40b000 	C:\windows\system32\WINNSI.DLL
0x000007fefa360000 - 0x000007fefa368000 	C:\windows\system32\rasadhlp.dll
0x000007fefb1e0000 - 0x000007fefb233000 	C:\windows\System32\fwpuclnt.dll
0x0000000072640000 - 0x000000007264d000 	C:\Program Files\Java\jdk1.8.0_45-x64\jre\bin\management.dll
0x000007fefd180000 - 0x000007fefd198000 	C:\windows\system32\CRYPTSP.dll
0x000007fefce80000 - 0x000007fefcec7000 	C:\windows\system32\rsaenh.dll
0x000007fefdcc0000 - 0x000007fefdcde000 	C:\windows\system32\USERENV.dll
0x000007fefd820000 - 0x000007fefd82f000 	C:\windows\system32\CRYPTBASE.dll
0x000007fefaf50000 - 0x000007fefaf61000 	C:\windows\system32\dhcpcsvc6.DLL
0x000007fefaf30000 - 0x000007fefaf48000 	C:\windows\system32\dhcpcsvc.DLL
0x0000000077f40000 - 0x0000000077f51000 	C:\Program Files\Java\jdk1.8.0_45-x64\jre\bin\nio.dll
0x000007fefb910000 - 0x000007fefb920000 	C:\Users\anderson.araujo\AppData\Local\Temp\javasysmon67127099429931829553.dll
0x000007fefd7c0000 - 0x000007fefd817000 	C:\windows\system32\apphelp.dll
0x0000000180000000 - 0x0000000180038000 	C:\Users\anderson.araujo\AppData\Local\Temp\jna-4731850\jna791449333857675540.dll
0x000000006ffa0000 - 0x000000006ffc4000 	C:\Program Files\Java\jdk1.8.0_45-x64\jre\bin\sunec.dll
0x00000000669c0000 - 0x00000000669cb000 	C:\Program Files\Java\jdk1.8.0_45-x64\jre\bin\sunmscapi.dll
0x000007fefd9f0000 - 0x000007fefdb5d000 	C:\windows\system32\CRYPT32.dll
0x000007fefd980000 - 0x000007fefd98f000 	C:\windows\system32\MSASN1.dll
0x000007feef920000 - 0x000007feefa45000 	C:\windows\system32\dbghelp.dll

VM Arguments:
jvm_args: -Dmaven.multiModuleProjectDirectory=$M2_HOME -Dfile.encoding=UTF-8 
java_command: org.eclipse.jdt.internal.junit.runner.RemoteTestRunner -version 3 -port 61584 -testLoaderClass org.eclipse.jdt.internal.junit4.runner.JUnit4TestLoader -loaderpluginname org.eclipse.jdt.junit4.runtime -classNames br.jus.stf.processamentoinicial.distribuicao.interfaces.ConsultaProcessosIntegrationTests
java_class_path (initial): C:\desenvolvimento\workspaces\stfdigital\target\test-classes;C:\desenvolvimento\workspaces\stfdigital\target\classes;C:\desenvolvimento\ferramentas\repository\javax\activation\activation\1.1\activation-1.1.jar;C:\desenvolvimento\ferramentas\repository\javax\validation\validation-api\1.1.0.Final\validation-api-1.1.0.Final.jar;C:\desenvolvimento\ferramentas\repository\javax\transaction\javax.transaction-api\1.2\javax.transaction-api-1.2.jar;C:\desenvolvimento\ferramentas\repository\org\activiti\activiti-spring\5.18.0\activiti-spring-5.18.0.jar;C:\desenvolvimento\ferramentas\repository\org\activiti\activiti-engine\5.18.0\activiti-engine-5.18.0.jar;C:\desenvolvimento\ferramentas\repository\org\activiti\activiti-bpmn-converter\5.18.0\activiti-bpmn-converter-5.18.0.jar;C:\desenvolvimento\ferramentas\repository\org\activiti\activiti-bpmn-model\5.18.0\activiti-bpmn-model-5.18.0.jar;C:\desenvolvimento\ferramentas\repository\org\apache\commons\commons-lang3\3.3.2\commons-lang3-3.3.2.jar;C:\desenvolvimento\ferramentas\repository\com\fasterxml\jackson\core\jackson-core\2.4.6\jackson-core-2.4.6.jar;C:\desenvolvimento\ferramentas\repository\com\fasterxml\jackson\core\jackson-databind\2.4.6\jackson-databind-2.4.6.jar;C:\desenvolvimento\ferramentas\repository\com\fasterxml\jackson\core\jackson-annotations\2.4.6\jackson-annotations-2.4.6.jar;C:\desenvolvimento\ferramentas\repository\org\slf4j\slf4j-api\1.7.12\slf4j-api-1.7.12.jar;C:\desenvolvimento\ferramentas\repository\org\slf4j\jcl-over-slf4j\1.7.12\jcl-over-slf4j-1.7.12.jar;C:\desenvolvimento\ferramentas\repository\joda-time\joda-time\2.5\joda-time-2.5.jar;C:\desenvolvimento\ferramentas\repository\org\activiti\activiti-process-validation\5.18.0\activiti-process-validation-5.18.0.jar;C:\desenvolvimento\ferramentas\repository\org\activiti\activiti-image-generator\5.18.0\activiti-image-generator-5.18.0.jar;C:\desenvolvimento\ferramentas\repository\org\apache\commons\commons-email\1.4\commons-email-1.4.j
Launcher Type: SUN_STANDARD

Environment Variables:
JAVA_HOME=C:\Program Files\Java\jdk1.8.0_45-x64
JRE_HOME=C:\Program Files\Java\jdk1.8.0_45-x64\jre
CLASSPATH=C:\Program Files\Java\jdk1.8.0_45-x64\jre\axbridge\lib\assembla-1.0.jar;C:\Program Files\Java\jdk1.8.0_45-x64\jre\axbridge\lib\pkcs-signed.jar
PATH=C:/Program Files/Java/jdk1.8.0_45-x64/bin/../jre/bin/server;C:/Program Files/Java/jdk1.8.0_45-x64/bin/../jre/bin;C:/Program Files/Java/jdk1.8.0_45-x64/bin/../jre/lib/amd64;C:\Program Files\Java\jdk1.8.0_45-x64\bin\;C:\Program Files\Python 3.5\Scripts\;C:\Program Files\Python 3.5\;C:\Program Files (x86)\Intel\iCLS Client\;C:\Program Files\Intel\iCLS Client\;C:\oracle\product\11.2.0\client\bin;C:\windows\system32;C:\windows;C:\windows\system32\wbem;C:\windows\system32\windowspowershell\v1.0\;C:\Program Files\Java\jdk1.8.0_45-x64\jre\bin;C:\Program Files\Aladdin\eToken\PKIClient\x32;C:\Program Files\Aladdin\eToken\PKIClient\x64;C:\Program Files\LibreOffice 3\program;C:\Program Files (x86)\STFOffice-BrOo-2.4.0\program;C:\SEARCH\bin;C:\SEARCH\CLIENT;C:\Program Files\SourceGear\Common\DiffMerge\;C:\Program Files (x86)\Git\cmd;C:\HashiCorp\Vagrant\bin;C:\sdk\tools\maven\apache-maven-2.2.1\bin;C:\sdk\tools\apache-ant-1.8.2-bin\bin;C:\sdk\tools\jad;C:\Program Files\TortoiseSVN\bin;C:\Program Files\Puppet Labs\Puppet Enterprise\bin;C:\Program Files\Intel\Intel(R) Management Engine Components\DAL;C:\Program Files\Intel\Intel(R) Management Engine Components\IPT;C:\Program Files (x86)\Intel\Intel(R) Management Engine Components\DAL;C:\Program Files (x86)\Intel\Intel(R) Management Engine Components\IPT;C:\Program Files (x86)\Enterprise Vault\EVClient\;C:\desenvolvimento\ferramentas\apache-maven-3.3.3\bin;C:\Program Files\nodejs\;C:\windows\system32\config\systemprofile\.dnx\bin;C:\Program Files\Microsoft DNX\Dnvm\;C:\Users\anderson.araujo\AppData\Roaming\npm;C:\desenvolvimento\ides\sts-bundle\sts-3.6.3.RELEASE;
USERNAME=Anderson.Araujo
OS=Windows_NT
PROCESSOR_IDENTIFIER=Intel64 Family 6 Model 60 Stepping 3, GenuineIntel



---------------  S Y S T E M  ---------------

OS: Windows 7 , 64 bit Build 7601 (6.1.7601.19018)

CPU:total 4 (4 cores per cpu, 1 threads per core) family 6 model 60 stepping 3, cmov, cx8, fxsr, mmx, sse, sse2, sse3, ssse3, sse4.1, sse4.2, popcnt, avx, avx2, aes, clmul, erms, rtm, lzcnt, tsc, tscinvbit, bmi1, bmi2

Memory: 4k page, physical 8261516k(520616k free), swap 16521196k(8489912k free)

vm_info: Java HotSpot(TM) 64-Bit Server VM (25.45-b02) for windows-amd64 JRE (1.8.0_45-b15), built on Apr 30 2015 12:40:44 by "java_re" with MS VC++ 10.0 (VS2010)

time: Mon Dec 14 17:12:42 2015
elapsed time: 27 seconds (0d 0h 0m 27s)

